<?xml version="1.0" encoding="UTF-8"?>
<coverage generated="1729757121250" clover="3.2.0">
  <project timestamp="1729757121250" name="All files">
    <metrics statements="206" coveredstatements="117" conditionals="72" coveredconditionals="63" methods="12" coveredmethods="6" elements="290" coveredelements="186" complexity="0" loc="206" ncloc="206" packages="1" files="2" classes="2"/>
    <file name="coerce.ts" path="/Users/macbook/kit-state-params/src/lib/coerce.ts">
      <metrics statements="91" coveredstatements="46" conditionals="36" coveredconditionals="29" methods="5" coveredmethods="2"/>
      <line num="3" count="1" type="cond" truecount="1" falsecount="0"/>
      <line num="4" count="11" type="cond" truecount="2" falsecount="0"/>
      <line num="5" count="5" type="stmt"/>
      <line num="6" count="5" type="stmt"/>
      <line num="7" count="5" type="stmt"/>
      <line num="9" count="1" type="stmt"/>
      <line num="10" count="0" type="stmt"/>
      <line num="11" count="0" type="stmt"/>
      <line num="12" count="0" type="stmt"/>
      <line num="13" count="0" type="stmt"/>
      <line num="14" count="0" type="stmt"/>
      <line num="15" count="0" type="stmt"/>
      <line num="16" count="0" type="stmt"/>
      <line num="18" count="1" type="stmt"/>
      <line num="19" count="0" type="stmt"/>
      <line num="20" count="0" type="stmt"/>
      <line num="21" count="0" type="stmt"/>
      <line num="22" count="0" type="stmt"/>
      <line num="23" count="0" type="stmt"/>
      <line num="24" count="0" type="stmt"/>
      <line num="25" count="0" type="stmt"/>
      <line num="26" count="0" type="stmt"/>
      <line num="28" count="0" type="stmt"/>
      <line num="29" count="0" type="stmt"/>
      <line num="31" count="0" type="stmt"/>
      <line num="32" count="0" type="stmt"/>
      <line num="33" count="0" type="stmt"/>
      <line num="34" count="0" type="stmt"/>
      <line num="35" count="0" type="stmt"/>
      <line num="36" count="0" type="stmt"/>
      <line num="37" count="0" type="stmt"/>
      <line num="38" count="0" type="stmt"/>
      <line num="39" count="0" type="stmt"/>
      <line num="40" count="0" type="stmt"/>
      <line num="41" count="0" type="stmt"/>
      <line num="43" count="0" type="stmt"/>
      <line num="44" count="0" type="stmt"/>
      <line num="45" count="0" type="stmt"/>
      <line num="46" count="0" type="stmt"/>
      <line num="47" count="0" type="stmt"/>
      <line num="49" count="1" type="stmt"/>
      <line num="50" count="0" type="stmt"/>
      <line num="51" count="0" type="stmt"/>
      <line num="52" count="0" type="stmt"/>
      <line num="53" count="0" type="stmt"/>
      <line num="54" count="0" type="stmt"/>
      <line num="55" count="0" type="stmt"/>
      <line num="56" count="0" type="stmt"/>
      <line num="57" count="0" type="stmt"/>
      <line num="58" count="0" type="stmt"/>
      <line num="60" count="1" type="cond" truecount="1" falsecount="0"/>
      <line num="61" count="83" type="stmt"/>
      <line num="62" count="83" type="stmt"/>
      <line num="63" count="83" type="stmt"/>
      <line num="64" count="83" type="stmt"/>
      <line num="65" count="83" type="cond" truecount="0" falsecount="1"/>
      <line num="66" count="83" type="stmt"/>
      <line num="67" count="83" type="cond" truecount="1" falsecount="0"/>
      <line num="68" count="37" type="cond" truecount="3" falsecount="0"/>
      <line num="69" count="37" type="stmt"/>
      <line num="70" count="83" type="cond" truecount="1" falsecount="0"/>
      <line num="71" count="14" type="stmt"/>
      <line num="72" count="14" type="cond" truecount="4" falsecount="0"/>
      <line num="73" count="2" type="stmt"/>
      <line num="74" count="2" type="stmt"/>
      <line num="75" count="83" type="cond" truecount="1" falsecount="0"/>
      <line num="76" count="7" type="cond" truecount="1" falsecount="0"/>
      <line num="77" count="1" type="cond" truecount="0" falsecount="1"/>
      <line num="78" count="0" type="stmt"/>
      <line num="79" count="1" type="cond" truecount="1" falsecount="1"/>
      <line num="80" count="6" type="stmt"/>
      <line num="81" count="7" type="stmt"/>
      <line num="83" count="83" type="cond" truecount="1" falsecount="0"/>
      <line num="84" count="14" type="cond" truecount="2" falsecount="0"/>
      <line num="85" count="14" type="cond" truecount="1" falsecount="1"/>
      <line num="86" count="14" type="cond" truecount="1" falsecount="1"/>
      <line num="87" count="14" type="cond" truecount="1" falsecount="1"/>
      <line num="88" count="4" type="stmt"/>
      <line num="89" count="4" type="cond" truecount="1" falsecount="0"/>
      <line num="90" count="2" type="cond" truecount="1" falsecount="0"/>
      <line num="91" count="2" type="cond" truecount="1" falsecount="0"/>
      <line num="92" count="1" type="cond" truecount="1" falsecount="0"/>
      <line num="93" count="1" type="stmt"/>
      <line num="94" count="4" type="cond" truecount="0" falsecount="1"/>
      <line num="96" count="0" type="stmt"/>
      <line num="97" count="0" type="stmt"/>
      <line num="98" count="83" type="cond" truecount="1" falsecount="0"/>
      <line num="100" count="11" type="cond" truecount="2" falsecount="0"/>
      <line num="101" count="11" type="stmt"/>
      <line num="102" count="83" type="stmt"/>
      <line num="103" count="83" type="stmt"/>
    </file>
    <file name="utils.ts" path="/Users/macbook/kit-state-params/src/lib/utils.ts">
      <metrics statements="115" coveredstatements="71" conditionals="36" coveredconditionals="34" methods="7" coveredmethods="4"/>
      <line num="1" count="1" type="stmt"/>
      <line num="5" count="1" type="stmt"/>
      <line num="6" count="0" type="stmt"/>
      <line num="7" count="0" type="stmt"/>
      <line num="8" count="0" type="stmt"/>
      <line num="9" count="0" type="stmt"/>
      <line num="10" count="0" type="stmt"/>
      <line num="11" count="0" type="stmt"/>
      <line num="13" count="1" type="stmt"/>
      <line num="14" count="0" type="stmt"/>
      <line num="15" count="0" type="stmt"/>
      <line num="16" count="0" type="stmt"/>
      <line num="17" count="0" type="stmt"/>
      <line num="18" count="0" type="stmt"/>
      <line num="19" count="0" type="stmt"/>
      <line num="20" count="0" type="stmt"/>
      <line num="21" count="0" type="stmt"/>
      <line num="22" count="0" type="stmt"/>
      <line num="23" count="0" type="stmt"/>
      <line num="24" count="0" type="stmt"/>
      <line num="25" count="0" type="stmt"/>
      <line num="26" count="0" type="stmt"/>
      <line num="27" count="0" type="stmt"/>
      <line num="28" count="0" type="stmt"/>
      <line num="30" count="0" type="stmt"/>
      <line num="31" count="0" type="stmt"/>
      <line num="32" count="0" type="stmt"/>
      <line num="33" count="0" type="stmt"/>
      <line num="35" count="1" type="cond" truecount="1" falsecount="0"/>
      <line num="36" count="11" type="cond" truecount="0" falsecount="1"/>
      <line num="37" count="0" type="stmt"/>
      <line num="38" count="11" type="cond" truecount="0" falsecount="1"/>
      <line num="39" count="0" type="stmt"/>
      <line num="40" count="11" type="stmt"/>
      <line num="41" count="11" type="stmt"/>
      <line num="43" count="1" type="cond" truecount="1" falsecount="0"/>
      <line num="48" count="11" type="stmt"/>
      <line num="49" count="11" type="stmt"/>
      <line num="50" count="11" type="stmt"/>
      <line num="51" count="11" type="stmt"/>
      <line num="52" count="11" type="stmt"/>
      <line num="53" count="11" type="stmt"/>
      <line num="54" count="11" type="stmt"/>
      <line num="55" count="11" type="stmt"/>
      <line num="57" count="11" type="cond" truecount="1" falsecount="0"/>
      <line num="58" count="28" type="stmt"/>
      <line num="59" count="28" type="stmt"/>
      <line num="60" count="28" type="stmt"/>
      <line num="61" count="28" type="stmt"/>
      <line num="62" count="28" type="stmt"/>
      <line num="63" count="28" type="cond" truecount="1" falsecount="0"/>
      <line num="64" count="96" type="cond" truecount="2" falsecount="0"/>
      <line num="65" count="96" type="cond" truecount="1" falsecount="0"/>
      <line num="66" count="96" type="stmt"/>
      <line num="67" count="96" type="cond" truecount="2" falsecount="0"/>
      <line num="68" count="96" type="cond" truecount="2" falsecount="0"/>
      <line num="69" count="96" type="cond" truecount="2" falsecount="0"/>
      <line num="71" count="96" type="cond" truecount="1" falsecount="0"/>
      <line num="72" count="79" type="cond" truecount="1" falsecount="0"/>
      <line num="73" count="16" type="stmt"/>
      <line num="74" count="16" type="cond" truecount="1" falsecount="0"/>
      <line num="75" count="36" type="stmt"/>
      <line num="76" count="36" type="stmt"/>
      <line num="77" count="36" type="cond" truecount="4" falsecount="0"/>
      <line num="78" count="20" type="stmt"/>
      <line num="79" count="36" type="cond" truecount="1" falsecount="0"/>
      <line num="80" count="36" type="stmt"/>
      <line num="81" count="36" type="stmt"/>
      <line num="82" count="79" type="cond" truecount="1" falsecount="0"/>
      <line num="84" count="63" type="stmt"/>
      <line num="85" count="63" type="stmt"/>
      <line num="86" count="63" type="stmt"/>
      <line num="87" count="96" type="cond" truecount="1" falsecount="0"/>
      <line num="88" count="17" type="cond" truecount="1" falsecount="0"/>
      <line num="90" count="3" type="stmt"/>
      <line num="92" count="3" type="cond" truecount="1" falsecount="0"/>
      <line num="93" count="6" type="stmt"/>
      <line num="94" count="6" type="cond" truecount="1" falsecount="0"/>
      <line num="95" count="6" type="cond" truecount="3" falsecount="0"/>
      <line num="96" count="3" type="stmt"/>
      <line num="97" count="6" type="stmt"/>
      <line num="98" count="6" type="stmt"/>
      <line num="99" count="17" type="cond" truecount="1" falsecount="0"/>
      <line num="100" count="14" type="stmt"/>
      <line num="101" count="14" type="stmt"/>
      <line num="102" count="14" type="stmt"/>
      <line num="103" count="17" type="stmt"/>
      <line num="104" count="96" type="stmt"/>
      <line num="105" count="28" type="stmt"/>
      <line num="107" count="11" type="stmt"/>
      <line num="108" count="11" type="stmt"/>
      <line num="109" count="11" type="stmt"/>
      <line num="111" count="1" type="stmt"/>
      <line num="112" count="0" type="stmt"/>
      <line num="113" count="0" type="stmt"/>
      <line num="115" count="0" type="stmt"/>
      <line num="116" count="0" type="stmt"/>
      <line num="117" count="0" type="stmt"/>
      <line num="119" count="0" type="stmt"/>
      <line num="120" count="0" type="stmt"/>
      <line num="121" count="0" type="stmt"/>
      <line num="122" count="0" type="stmt"/>
      <line num="123" count="0" type="stmt"/>
      <line num="125" count="0" type="stmt"/>
      <line num="126" count="0" type="stmt"/>
      <line num="127" count="0" type="stmt"/>
      <line num="129" count="0" type="stmt"/>
      <line num="130" count="0" type="stmt"/>
      <line num="132" count="0" type="stmt"/>
      <line num="133" count="0" type="stmt"/>
      <line num="135" count="1" type="cond" truecount="1" falsecount="0"/>
      <line num="136" count="192" type="stmt"/>
      <line num="137" count="192" type="cond" truecount="1" falsecount="0"/>
      <line num="138" count="56" type="cond" truecount="2" falsecount="0"/>
      <line num="140" count="192" type="stmt"/>
    </file>
  </project>
</coverage>
