{"/Users/macbook/kit-state-params/src/lib/proxy.ts": {"path":"/Users/macbook/kit-state-params/src/lib/proxy.ts","all":false,"statementMap":{"0":{"start":{"line":1,"column":0},"end":{"line":1,"column":63}},"11":{"start":{"line":12,"column":0},"end":{"line":12,"column":46}},"12":{"start":{"line":13,"column":0},"end":{"line":13,"column":10}},"13":{"start":{"line":14,"column":0},"end":{"line":14,"column":2}},"14":{"start":{"line":15,"column":0},"end":{"line":15,"column":10}},"15":{"start":{"line":16,"column":0},"end":{"line":16,"column":9}},"16":{"start":{"line":17,"column":0},"end":{"line":17,"column":11}},"17":{"start":{"line":18,"column":0},"end":{"line":18,"column":15}},"18":{"start":{"line":19,"column":0},"end":{"line":19,"column":8}},"19":{"start":{"line":20,"column":0},"end":{"line":20,"column":12}},"20":{"start":{"line":21,"column":0},"end":{"line":21,"column":7}},"21":{"start":{"line":22,"column":0},"end":{"line":22,"column":5}},"30":{"start":{"line":31,"column":0},"end":{"line":31,"column":6}},"31":{"start":{"line":32,"column":0},"end":{"line":32,"column":49}},"32":{"start":{"line":33,"column":0},"end":{"line":33,"column":45}},"33":{"start":{"line":34,"column":0},"end":{"line":34,"column":33}},"34":{"start":{"line":35,"column":0},"end":{"line":35,"column":24}},"35":{"start":{"line":36,"column":0},"end":{"line":36,"column":4}},"37":{"start":{"line":38,"column":0},"end":{"line":38,"column":26}},"38":{"start":{"line":39,"column":0},"end":{"line":39,"column":17}},"39":{"start":{"line":40,"column":0},"end":{"line":40,"column":4}},"41":{"start":{"line":42,"column":0},"end":{"line":42,"column":42}},"43":{"start":{"line":44,"column":0},"end":{"line":44,"column":15}},"44":{"start":{"line":45,"column":0},"end":{"line":45,"column":8}},"45":{"start":{"line":46,"column":0},"end":{"line":46,"column":31}},"46":{"start":{"line":47,"column":0},"end":{"line":47,"column":83}},"47":{"start":{"line":48,"column":0},"end":{"line":48,"column":7}},"48":{"start":{"line":49,"column":0},"end":{"line":49,"column":52}},"49":{"start":{"line":50,"column":0},"end":{"line":50,"column":77}},"50":{"start":{"line":51,"column":0},"end":{"line":51,"column":7}},"51":{"start":{"line":52,"column":0},"end":{"line":52,"column":5}},"52":{"start":{"line":53,"column":0},"end":{"line":53,"column":4}},"54":{"start":{"line":55,"column":0},"end":{"line":55,"column":90}},"55":{"start":{"line":56,"column":0},"end":{"line":56,"column":31}},"56":{"start":{"line":57,"column":0},"end":{"line":57,"column":13}},"57":{"start":{"line":58,"column":0},"end":{"line":58,"column":32}},"58":{"start":{"line":59,"column":0},"end":{"line":59,"column":14}},"59":{"start":{"line":60,"column":0},"end":{"line":60,"column":18}},"60":{"start":{"line":61,"column":0},"end":{"line":61,"column":11}},"61":{"start":{"line":62,"column":0},"end":{"line":62,"column":41}},"62":{"start":{"line":63,"column":0},"end":{"line":63,"column":52}},"63":{"start":{"line":64,"column":0},"end":{"line":64,"column":7}},"64":{"start":{"line":65,"column":0},"end":{"line":65,"column":4}},"65":{"start":{"line":66,"column":0},"end":{"line":66,"column":16}},"66":{"start":{"line":67,"column":0},"end":{"line":67,"column":4}},"67":{"start":{"line":68,"column":0},"end":{"line":68,"column":68}},"68":{"start":{"line":69,"column":0},"end":{"line":69,"column":49}},"69":{"start":{"line":70,"column":0},"end":{"line":70,"column":49}},"70":{"start":{"line":71,"column":0},"end":{"line":71,"column":18}},"71":{"start":{"line":72,"column":0},"end":{"line":72,"column":86}},"72":{"start":{"line":73,"column":0},"end":{"line":73,"column":26}},"74":{"start":{"line":75,"column":0},"end":{"line":75,"column":45}},"75":{"start":{"line":76,"column":0},"end":{"line":76,"column":71}},"76":{"start":{"line":77,"column":0},"end":{"line":77,"column":6}},"77":{"start":{"line":78,"column":0},"end":{"line":78,"column":12}},"78":{"start":{"line":79,"column":0},"end":{"line":79,"column":73}},"79":{"start":{"line":80,"column":0},"end":{"line":80,"column":53}},"80":{"start":{"line":81,"column":0},"end":{"line":81,"column":62}},"81":{"start":{"line":82,"column":0},"end":{"line":82,"column":19}},"82":{"start":{"line":83,"column":0},"end":{"line":83,"column":40}},"83":{"start":{"line":84,"column":0},"end":{"line":84,"column":86}},"84":{"start":{"line":85,"column":0},"end":{"line":85,"column":6}},"85":{"start":{"line":86,"column":0},"end":{"line":86,"column":5}},"86":{"start":{"line":87,"column":0},"end":{"line":87,"column":4}},"87":{"start":{"line":88,"column":0},"end":{"line":88,"column":15}},"88":{"start":{"line":89,"column":0},"end":{"line":89,"column":3}},"89":{"start":{"line":90,"column":0},"end":{"line":90,"column":3}},"91":{"start":{"line":92,"column":0},"end":{"line":92,"column":96}},"102":{"start":{"line":103,"column":0},"end":{"line":103,"column":2}}},"s":{"0":1,"11":1,"12":24,"13":24,"14":24,"15":24,"16":24,"17":24,"18":24,"19":24,"20":24,"21":24,"30":24,"31":24,"32":24,"33":50,"34":0,"35":0,"37":50,"38":0,"39":0,"41":50,"43":50,"44":25,"45":25,"46":25,"47":25,"48":4,"49":4,"50":4,"51":4,"52":25,"54":50,"55":22,"56":22,"57":22,"58":22,"59":22,"60":22,"61":22,"62":22,"63":22,"64":22,"65":24,"66":50,"67":24,"68":19,"69":19,"70":15,"71":1,"72":1,"74":1,"75":1,"76":1,"77":15,"78":14,"79":14,"80":14,"81":14,"82":14,"83":14,"84":14,"85":14,"86":15,"87":19,"88":19,"89":24,"91":24,"102":24},"branchMap":{"0":{"type":"branch","line":12,"loc":{"start":{"line":12,"column":27},"end":{"line":103,"column":2}},"locations":[{"start":{"line":12,"column":27},"end":{"line":103,"column":2}}]},"1":{"type":"branch","line":33,"loc":{"start":{"line":33,"column":2},"end":{"line":67,"column":4}},"locations":[{"start":{"line":33,"column":2},"end":{"line":67,"column":4}}]},"2":{"type":"branch","line":34,"loc":{"start":{"line":34,"column":32},"end":{"line":36,"column":4}},"locations":[{"start":{"line":34,"column":32},"end":{"line":36,"column":4}}]},"3":{"type":"branch","line":38,"loc":{"start":{"line":38,"column":25},"end":{"line":40,"column":4}},"locations":[{"start":{"line":38,"column":25},"end":{"line":40,"column":4}}]},"4":{"type":"branch","line":44,"loc":{"start":{"line":44,"column":14},"end":{"line":53,"column":4}},"locations":[{"start":{"line":44,"column":14},"end":{"line":53,"column":4}}]},"5":{"type":"branch","line":48,"loc":{"start":{"line":48,"column":6},"end":{"line":52,"column":5}},"locations":[{"start":{"line":48,"column":6},"end":{"line":52,"column":5}}]},"6":{"type":"branch","line":53,"loc":{"start":{"line":53,"column":3},"end":{"line":55,"column":36}},"locations":[{"start":{"line":53,"column":3},"end":{"line":55,"column":36}}]},"7":{"type":"branch","line":55,"loc":{"start":{"line":55,"column":24},"end":{"line":55,"column":54}},"locations":[{"start":{"line":55,"column":24},"end":{"line":55,"column":54}}]},"8":{"type":"branch","line":55,"loc":{"start":{"line":55,"column":46},"end":{"line":55,"column":89}},"locations":[{"start":{"line":55,"column":46},"end":{"line":55,"column":89}}]},"9":{"type":"branch","line":55,"loc":{"start":{"line":55,"column":89},"end":{"line":65,"column":4}},"locations":[{"start":{"line":55,"column":89},"end":{"line":65,"column":4}}]},"10":{"type":"branch","line":62,"loc":{"start":{"line":62,"column":11},"end":{"line":62,"column":37}},"locations":[{"start":{"line":62,"column":11},"end":{"line":62,"column":37}}]},"11":{"type":"branch","line":62,"loc":{"start":{"line":62,"column":32},"end":{"line":62,"column":41}},"locations":[{"start":{"line":62,"column":32},"end":{"line":62,"column":41}}]},"12":{"type":"branch","line":63,"loc":{"start":{"line":63,"column":31},"end":{"line":63,"column":43}},"locations":[{"start":{"line":63,"column":31},"end":{"line":63,"column":43}}]},"13":{"type":"branch","line":63,"loc":{"start":{"line":63,"column":35},"end":{"line":63,"column":52}},"locations":[{"start":{"line":63,"column":35},"end":{"line":63,"column":52}}]},"14":{"type":"branch","line":65,"loc":{"start":{"line":65,"column":3},"end":{"line":66,"column":16}},"locations":[{"start":{"line":65,"column":3},"end":{"line":66,"column":16}}]},"15":{"type":"branch","line":49,"loc":{"start":{"line":49,"column":12},"end":{"line":51,"column":7}},"locations":[{"start":{"line":49,"column":12},"end":{"line":51,"column":7}}]},"16":{"type":"branch","line":68,"loc":{"start":{"line":68,"column":2},"end":{"line":89,"column":3}},"locations":[{"start":{"line":68,"column":2},"end":{"line":89,"column":3}}]},"17":{"type":"branch","line":70,"loc":{"start":{"line":70,"column":18},"end":{"line":70,"column":48}},"locations":[{"start":{"line":70,"column":18},"end":{"line":70,"column":48}}]},"18":{"type":"branch","line":70,"loc":{"start":{"line":70,"column":48},"end":{"line":87,"column":4}},"locations":[{"start":{"line":70,"column":48},"end":{"line":87,"column":4}}]},"19":{"type":"branch","line":71,"loc":{"start":{"line":71,"column":17},"end":{"line":78,"column":11}},"locations":[{"start":{"line":71,"column":17},"end":{"line":78,"column":11}}]},"20":{"type":"branch","line":76,"loc":{"start":{"line":76,"column":15},"end":{"line":76,"column":42}},"locations":[{"start":{"line":76,"column":15},"end":{"line":76,"column":42}}]},"21":{"type":"branch","line":78,"loc":{"start":{"line":78,"column":4},"end":{"line":86,"column":5}},"locations":[{"start":{"line":78,"column":4},"end":{"line":86,"column":5}}]},"22":{"type":"branch","line":79,"loc":{"start":{"line":79,"column":35},"end":{"line":79,"column":73}},"locations":[{"start":{"line":79,"column":35},"end":{"line":79,"column":73}}]},"23":{"type":"branch","line":81,"loc":{"start":{"line":81,"column":21},"end":{"line":81,"column":57}},"locations":[{"start":{"line":81,"column":21},"end":{"line":81,"column":57}}]},"24":{"type":"branch","line":81,"loc":{"start":{"line":81,"column":50},"end":{"line":81,"column":62}},"locations":[{"start":{"line":81,"column":50},"end":{"line":81,"column":62}}]},"25":{"type":"branch","line":84,"loc":{"start":{"line":84,"column":15},"end":{"line":84,"column":42}},"locations":[{"start":{"line":84,"column":15},"end":{"line":84,"column":42}}]},"26":{"type":"branch","line":84,"loc":{"start":{"line":84,"column":37},"end":{"line":84,"column":48}},"locations":[{"start":{"line":84,"column":37},"end":{"line":84,"column":48}}]}},"b":{"0":[24],"1":[50],"2":[0],"3":[0],"4":[25],"5":[4],"6":[46],"7":[23],"8":[23],"9":[22],"10":[8],"11":[14],"12":[10],"13":[12],"14":[24],"15":[4],"16":[19],"17":[4],"18":[15],"19":[1],"20":[0],"21":[14],"22":[7],"23":[10],"24":[4],"25":[12],"26":[2]},"fnMap":{"0":{"name":"createProxy","decl":{"start":{"line":12,"column":27},"end":{"line":103,"column":2}},"loc":{"start":{"line":12,"column":27},"end":{"line":103,"column":2}},"line":12},"1":{"name":"get","decl":{"start":{"line":33,"column":2},"end":{"line":67,"column":4}},"loc":{"start":{"line":33,"column":2},"end":{"line":67,"column":4}},"line":33},"2":{"name":"createProxy.zodMode.zodMode","decl":{"start":{"line":49,"column":12},"end":{"line":51,"column":7}},"loc":{"start":{"line":49,"column":12},"end":{"line":51,"column":7}},"line":49},"3":{"name":"set","decl":{"start":{"line":68,"column":2},"end":{"line":89,"column":3}},"loc":{"start":{"line":68,"column":2},"end":{"line":89,"column":3}},"line":68}},"f":{"0":24,"1":50,"2":4,"3":19}}
,"/Users/macbook/kit-state-params/src/lib/utils.ts": {"path":"/Users/macbook/kit-state-params/src/lib/utils.ts","all":false,"statementMap":{"3":{"start":{"line":4,"column":0},"end":{"line":4,"column":60}},"4":{"start":{"line":5,"column":0},"end":{"line":5,"column":21}},"5":{"start":{"line":6,"column":0},"end":{"line":6,"column":15}},"6":{"start":{"line":7,"column":0},"end":{"line":7,"column":24}},"7":{"start":{"line":8,"column":0},"end":{"line":8,"column":34}},"8":{"start":{"line":9,"column":0},"end":{"line":9,"column":3}},"9":{"start":{"line":10,"column":0},"end":{"line":10,"column":2}},"11":{"start":{"line":12,"column":0},"end":{"line":12,"column":66}},"12":{"start":{"line":13,"column":0},"end":{"line":13,"column":26}},"13":{"start":{"line":14,"column":0},"end":{"line":14,"column":69}},"14":{"start":{"line":15,"column":0},"end":{"line":15,"column":30}},"15":{"start":{"line":16,"column":0},"end":{"line":16,"column":2}},"17":{"start":{"line":18,"column":0},"end":{"line":18,"column":92}},"18":{"start":{"line":19,"column":0},"end":{"line":19,"column":45}},"19":{"start":{"line":20,"column":0},"end":{"line":20,"column":14}},"20":{"start":{"line":21,"column":0},"end":{"line":21,"column":2}},"21":{"start":{"line":22,"column":0},"end":{"line":22,"column":25}},"22":{"start":{"line":23,"column":0},"end":{"line":23,"column":18}},"23":{"start":{"line":24,"column":0},"end":{"line":24,"column":24}},"24":{"start":{"line":25,"column":0},"end":{"line":25,"column":3}},"25":{"start":{"line":26,"column":0},"end":{"line":26,"column":18}},"26":{"start":{"line":27,"column":0},"end":{"line":27,"column":49}},"27":{"start":{"line":28,"column":0},"end":{"line":28,"column":3}},"28":{"start":{"line":29,"column":0},"end":{"line":29,"column":16}},"29":{"start":{"line":30,"column":0},"end":{"line":30,"column":76}},"30":{"start":{"line":31,"column":0},"end":{"line":31,"column":70}},"31":{"start":{"line":32,"column":0},"end":{"line":32,"column":3}},"32":{"start":{"line":33,"column":0},"end":{"line":33,"column":19}},"33":{"start":{"line":34,"column":0},"end":{"line":34,"column":59}},"34":{"start":{"line":35,"column":0},"end":{"line":35,"column":3}},"35":{"start":{"line":36,"column":0},"end":{"line":36,"column":12}},"37":{"start":{"line":38,"column":0},"end":{"line":38,"column":60}},"38":{"start":{"line":39,"column":0},"end":{"line":39,"column":3}},"39":{"start":{"line":40,"column":0},"end":{"line":40,"column":2}},"40":{"start":{"line":41,"column":0},"end":{"line":41,"column":2}},"41":{"start":{"line":42,"column":0},"end":{"line":42,"column":42}},"42":{"start":{"line":43,"column":0},"end":{"line":43,"column":45}},"43":{"start":{"line":44,"column":0},"end":{"line":44,"column":14}},"44":{"start":{"line":45,"column":0},"end":{"line":45,"column":2}},"46":{"start":{"line":47,"column":0},"end":{"line":47,"column":33}},"47":{"start":{"line":48,"column":0},"end":{"line":48,"column":15}},"48":{"start":{"line":49,"column":0},"end":{"line":49,"column":2}},"50":{"start":{"line":51,"column":0},"end":{"line":51,"column":33}},"51":{"start":{"line":52,"column":0},"end":{"line":52,"column":26}},"52":{"start":{"line":53,"column":0},"end":{"line":53,"column":2}},"54":{"start":{"line":55,"column":0},"end":{"line":55,"column":29}},"55":{"start":{"line":56,"column":0},"end":{"line":56,"column":29}},"56":{"start":{"line":57,"column":0},"end":{"line":57,"column":2}},"58":{"start":{"line":59,"column":0},"end":{"line":59,"column":34}},"59":{"start":{"line":60,"column":0},"end":{"line":60,"column":34}},"60":{"start":{"line":61,"column":0},"end":{"line":61,"column":2}},"61":{"start":{"line":62,"column":0},"end":{"line":62,"column":22}},"62":{"start":{"line":63,"column":0},"end":{"line":63,"column":2}},"64":{"start":{"line":65,"column":0},"end":{"line":65,"column":83}},"65":{"start":{"line":66,"column":0},"end":{"line":66,"column":35}},"66":{"start":{"line":67,"column":0},"end":{"line":67,"column":25}},"67":{"start":{"line":68,"column":0},"end":{"line":68,"column":18}},"68":{"start":{"line":69,"column":0},"end":{"line":69,"column":24}},"69":{"start":{"line":70,"column":0},"end":{"line":70,"column":3}},"70":{"start":{"line":71,"column":0},"end":{"line":71,"column":18}},"71":{"start":{"line":72,"column":0},"end":{"line":72,"column":27}},"72":{"start":{"line":73,"column":0},"end":{"line":73,"column":32}},"73":{"start":{"line":74,"column":0},"end":{"line":74,"column":40}},"74":{"start":{"line":75,"column":0},"end":{"line":75,"column":3}},"75":{"start":{"line":76,"column":0},"end":{"line":76,"column":16}},"76":{"start":{"line":77,"column":0},"end":{"line":77,"column":15}},"77":{"start":{"line":78,"column":0},"end":{"line":78,"column":38}},"78":{"start":{"line":79,"column":0},"end":{"line":79,"column":11}},"79":{"start":{"line":80,"column":0},"end":{"line":80,"column":42}},"80":{"start":{"line":81,"column":0},"end":{"line":81,"column":11}},"81":{"start":{"line":82,"column":0},"end":{"line":82,"column":3}},"83":{"start":{"line":84,"column":0},"end":{"line":84,"column":19}},"84":{"start":{"line":85,"column":0},"end":{"line":85,"column":36}},"85":{"start":{"line":86,"column":0},"end":{"line":86,"column":11}},"86":{"start":{"line":87,"column":0},"end":{"line":87,"column":31}},"87":{"start":{"line":88,"column":0},"end":{"line":88,"column":37}},"88":{"start":{"line":89,"column":0},"end":{"line":89,"column":12}},"89":{"start":{"line":90,"column":0},"end":{"line":90,"column":39}},"90":{"start":{"line":91,"column":0},"end":{"line":91,"column":14}},"91":{"start":{"line":92,"column":0},"end":{"line":92,"column":13}},"92":{"start":{"line":93,"column":0},"end":{"line":93,"column":12}},"93":{"start":{"line":94,"column":0},"end":{"line":94,"column":3}},"94":{"start":{"line":95,"column":0},"end":{"line":95,"column":12}},"95":{"start":{"line":96,"column":0},"end":{"line":96,"column":60}},"96":{"start":{"line":97,"column":0},"end":{"line":97,"column":3}},"97":{"start":{"line":98,"column":0},"end":{"line":98,"column":2}},"98":{"start":{"line":99,"column":0},"end":{"line":99,"column":2}},"100":{"start":{"line":101,"column":0},"end":{"line":101,"column":75}},"101":{"start":{"line":102,"column":0},"end":{"line":102,"column":60}},"102":{"start":{"line":103,"column":0},"end":{"line":103,"column":2}},"104":{"start":{"line":105,"column":0},"end":{"line":105,"column":69}},"105":{"start":{"line":106,"column":0},"end":{"line":106,"column":58}},"106":{"start":{"line":107,"column":0},"end":{"line":107,"column":2}},"108":{"start":{"line":109,"column":0},"end":{"line":109,"column":71}},"109":{"start":{"line":110,"column":0},"end":{"line":110,"column":56}},"110":{"start":{"line":111,"column":0},"end":{"line":111,"column":2}},"112":{"start":{"line":113,"column":0},"end":{"line":113,"column":48}},"113":{"start":{"line":114,"column":0},"end":{"line":114,"column":30}},"114":{"start":{"line":115,"column":0},"end":{"line":115,"column":22}},"115":{"start":{"line":116,"column":0},"end":{"line":116,"column":2}},"116":{"start":{"line":117,"column":0},"end":{"line":117,"column":29}},"117":{"start":{"line":118,"column":0},"end":{"line":118,"column":30}},"118":{"start":{"line":119,"column":0},"end":{"line":119,"column":2}},"119":{"start":{"line":120,"column":0},"end":{"line":120,"column":15}},"120":{"start":{"line":121,"column":0},"end":{"line":121,"column":2}},"121":{"start":{"line":122,"column":0},"end":{"line":122,"column":43}},"122":{"start":{"line":123,"column":0},"end":{"line":123,"column":62}},"123":{"start":{"line":124,"column":0},"end":{"line":124,"column":10}},"124":{"start":{"line":125,"column":0},"end":{"line":125,"column":23}},"125":{"start":{"line":126,"column":0},"end":{"line":126,"column":37}},"127":{"start":{"line":128,"column":0},"end":{"line":128,"column":21}},"128":{"start":{"line":129,"column":0},"end":{"line":129,"column":26}},"129":{"start":{"line":130,"column":0},"end":{"line":130,"column":31}},"130":{"start":{"line":131,"column":0},"end":{"line":131,"column":24}},"131":{"start":{"line":132,"column":0},"end":{"line":132,"column":23}},"132":{"start":{"line":133,"column":0},"end":{"line":133,"column":11}},"133":{"start":{"line":134,"column":0},"end":{"line":134,"column":50}},"134":{"start":{"line":135,"column":0},"end":{"line":135,"column":24}},"135":{"start":{"line":136,"column":0},"end":{"line":136,"column":32}},"137":{"start":{"line":138,"column":0},"end":{"line":138,"column":31}},"138":{"start":{"line":139,"column":0},"end":{"line":139,"column":21}},"139":{"start":{"line":140,"column":0},"end":{"line":140,"column":21}},"140":{"start":{"line":141,"column":0},"end":{"line":141,"column":26}},"141":{"start":{"line":142,"column":0},"end":{"line":142,"column":7}},"142":{"start":{"line":143,"column":0},"end":{"line":143,"column":66}},"143":{"start":{"line":144,"column":0},"end":{"line":144,"column":31}},"144":{"start":{"line":145,"column":0},"end":{"line":145,"column":63}},"145":{"start":{"line":146,"column":0},"end":{"line":146,"column":95}},"146":{"start":{"line":147,"column":0},"end":{"line":147,"column":88}},"147":{"start":{"line":148,"column":0},"end":{"line":148,"column":94}},"149":{"start":{"line":150,"column":0},"end":{"line":150,"column":21}},"151":{"start":{"line":152,"column":0},"end":{"line":152,"column":39}},"152":{"start":{"line":153,"column":0},"end":{"line":153,"column":18}},"153":{"start":{"line":154,"column":0},"end":{"line":154,"column":26}},"154":{"start":{"line":155,"column":0},"end":{"line":155,"column":32}},"155":{"start":{"line":156,"column":0},"end":{"line":156,"column":12}},"156":{"start":{"line":157,"column":0},"end":{"line":157,"column":31}},"157":{"start":{"line":158,"column":0},"end":{"line":158,"column":54}},"158":{"start":{"line":159,"column":0},"end":{"line":159,"column":15}},"159":{"start":{"line":160,"column":0},"end":{"line":160,"column":18}},"160":{"start":{"line":161,"column":0},"end":{"line":161,"column":14}},"161":{"start":{"line":162,"column":0},"end":{"line":162,"column":5}},"162":{"start":{"line":163,"column":0},"end":{"line":163,"column":24}},"164":{"start":{"line":165,"column":0},"end":{"line":165,"column":28}},"165":{"start":{"line":166,"column":0},"end":{"line":166,"column":85}},"167":{"start":{"line":168,"column":0},"end":{"line":168,"column":28}},"168":{"start":{"line":169,"column":0},"end":{"line":169,"column":41}},"169":{"start":{"line":170,"column":0},"end":{"line":170,"column":43}},"170":{"start":{"line":171,"column":0},"end":{"line":171,"column":43}},"171":{"start":{"line":172,"column":0},"end":{"line":172,"column":37}},"172":{"start":{"line":173,"column":0},"end":{"line":173,"column":20}},"173":{"start":{"line":174,"column":0},"end":{"line":174,"column":70}},"174":{"start":{"line":175,"column":0},"end":{"line":175,"column":14}},"175":{"start":{"line":176,"column":0},"end":{"line":176,"column":80}},"176":{"start":{"line":177,"column":0},"end":{"line":177,"column":7}},"177":{"start":{"line":178,"column":0},"end":{"line":178,"column":13}},"178":{"start":{"line":179,"column":0},"end":{"line":179,"column":88}},"179":{"start":{"line":180,"column":0},"end":{"line":180,"column":33}},"180":{"start":{"line":181,"column":0},"end":{"line":181,"column":74}},"181":{"start":{"line":182,"column":0},"end":{"line":182,"column":6}},"182":{"start":{"line":183,"column":0},"end":{"line":183,"column":5}},"183":{"start":{"line":184,"column":0},"end":{"line":184,"column":25}},"185":{"start":{"line":186,"column":0},"end":{"line":186,"column":28}},"186":{"start":{"line":187,"column":0},"end":{"line":187,"column":73}},"187":{"start":{"line":188,"column":0},"end":{"line":188,"column":4}},"188":{"start":{"line":189,"column":0},"end":{"line":189,"column":3}},"189":{"start":{"line":190,"column":0},"end":{"line":190,"column":3}},"191":{"start":{"line":192,"column":0},"end":{"line":192,"column":45}},"192":{"start":{"line":193,"column":0},"end":{"line":193,"column":15}},"193":{"start":{"line":194,"column":0},"end":{"line":194,"column":42}},"194":{"start":{"line":195,"column":0},"end":{"line":195,"column":23}},"195":{"start":{"line":196,"column":0},"end":{"line":196,"column":41}},"196":{"start":{"line":197,"column":0},"end":{"line":197,"column":3}},"197":{"start":{"line":198,"column":0},"end":{"line":198,"column":40}},"198":{"start":{"line":199,"column":0},"end":{"line":199,"column":2}},"199":{"start":{"line":200,"column":0},"end":{"line":200,"column":15}},"200":{"start":{"line":201,"column":0},"end":{"line":201,"column":2}},"202":{"start":{"line":203,"column":0},"end":{"line":203,"column":71}},"203":{"start":{"line":204,"column":0},"end":{"line":204,"column":31}},"204":{"start":{"line":205,"column":0},"end":{"line":205,"column":40}},"206":{"start":{"line":207,"column":0},"end":{"line":207,"column":41}},"207":{"start":{"line":208,"column":0},"end":{"line":208,"column":24}},"208":{"start":{"line":209,"column":0},"end":{"line":209,"column":54}},"210":{"start":{"line":211,"column":0},"end":{"line":211,"column":37}},"211":{"start":{"line":212,"column":0},"end":{"line":212,"column":41}},"212":{"start":{"line":213,"column":0},"end":{"line":213,"column":36}},"213":{"start":{"line":214,"column":0},"end":{"line":214,"column":12}},"214":{"start":{"line":215,"column":0},"end":{"line":215,"column":3}},"216":{"start":{"line":217,"column":0},"end":{"line":217,"column":96}},"217":{"start":{"line":218,"column":0},"end":{"line":218,"column":16}},"218":{"start":{"line":219,"column":0},"end":{"line":219,"column":3}},"220":{"start":{"line":221,"column":0},"end":{"line":221,"column":38}},"221":{"start":{"line":222,"column":0},"end":{"line":222,"column":2}},"223":{"start":{"line":224,"column":0},"end":{"line":224,"column":13}},"224":{"start":{"line":225,"column":0},"end":{"line":225,"column":2}}},"s":{"3":1,"4":4,"5":4,"6":9,"7":9,"8":9,"9":4,"11":1,"12":11,"13":11,"14":11,"15":11,"17":1,"18":39,"19":8,"20":8,"21":31,"22":39,"23":14,"24":14,"25":39,"26":8,"27":8,"28":39,"29":3,"30":3,"31":3,"32":39,"33":6,"34":6,"35":39,"37":0,"38":0,"39":39,"40":39,"41":1,"42":1,"43":0,"44":0,"46":1,"47":0,"48":0,"50":1,"51":0,"52":0,"54":1,"55":0,"56":0,"58":1,"59":1,"60":1,"61":0,"62":0,"64":1,"65":127,"66":118,"67":127,"68":43,"69":43,"70":127,"71":31,"72":29,"73":31,"74":31,"75":127,"76":16,"77":14,"78":3,"79":11,"80":2,"81":16,"83":127,"84":17,"85":1,"86":16,"87":16,"88":8,"89":8,"90":2,"91":6,"92":0,"93":17,"94":127,"95":11,"96":11,"97":127,"98":127,"100":1,"101":23,"102":23,"104":1,"105":154,"106":154,"108":1,"109":152,"110":152,"112":1,"113":74,"114":2,"115":2,"116":72,"117":1,"118":1,"119":71,"120":71,"121":1,"122":23,"123":23,"124":23,"125":23,"127":23,"128":23,"129":0,"130":23,"131":7,"132":16,"133":23,"134":23,"135":23,"137":23,"138":30,"139":30,"140":30,"141":30,"142":30,"143":98,"144":98,"145":98,"146":98,"147":98,"149":98,"151":76,"152":76,"153":5,"154":5,"155":76,"156":71,"157":56,"158":15,"159":0,"160":15,"161":71,"162":98,"164":17,"165":17,"167":17,"168":35,"169":35,"170":31,"171":31,"172":31,"173":0,"174":31,"175":16,"176":16,"177":31,"178":4,"179":2,"180":2,"181":2,"182":35,"183":21,"185":5,"186":5,"187":5,"188":98,"189":30,"191":23,"192":23,"193":1,"194":1,"195":1,"196":1,"197":0,"198":0,"199":22,"200":22,"202":1,"203":23,"204":23,"206":23,"207":43,"208":43,"210":43,"211":11,"212":9,"213":9,"214":9,"216":43,"217":3,"218":3,"220":28,"221":28,"223":17,"224":17},"branchMap":{"0":{"type":"branch","line":4,"loc":{"start":{"line":4,"column":24},"end":{"line":10,"column":2}},"locations":[{"start":{"line":4,"column":24},"end":{"line":10,"column":2}}]},"1":{"type":"branch","line":6,"loc":{"start":{"line":6,"column":8},"end":{"line":9,"column":3}},"locations":[{"start":{"line":6,"column":8},"end":{"line":9,"column":3}}]},"2":{"type":"branch","line":12,"loc":{"start":{"line":12,"column":21},"end":{"line":16,"column":2}},"locations":[{"start":{"line":12,"column":21},"end":{"line":16,"column":2}}]},"3":{"type":"branch","line":13,"loc":{"start":{"line":13,"column":13},"end":{"line":13,"column":26}},"locations":[{"start":{"line":13,"column":13},"end":{"line":13,"column":26}}]},"4":{"type":"branch","line":18,"loc":{"start":{"line":18,"column":34},"end":{"line":41,"column":2}},"locations":[{"start":{"line":18,"column":34},"end":{"line":41,"column":2}}]},"5":{"type":"branch","line":19,"loc":{"start":{"line":19,"column":15},"end":{"line":19,"column":44}},"locations":[{"start":{"line":19,"column":15},"end":{"line":19,"column":44}}]},"6":{"type":"branch","line":19,"loc":{"start":{"line":19,"column":44},"end":{"line":21,"column":2}},"locations":[{"start":{"line":19,"column":44},"end":{"line":21,"column":2}}]},"7":{"type":"branch","line":21,"loc":{"start":{"line":21,"column":1},"end":{"line":22,"column":25}},"locations":[{"start":{"line":21,"column":1},"end":{"line":22,"column":25}}]},"8":{"type":"branch","line":23,"loc":{"start":{"line":23,"column":2},"end":{"line":25,"column":3}},"locations":[{"start":{"line":23,"column":2},"end":{"line":25,"column":3}}]},"9":{"type":"branch","line":26,"loc":{"start":{"line":26,"column":2},"end":{"line":28,"column":3}},"locations":[{"start":{"line":26,"column":2},"end":{"line":28,"column":3}}]},"10":{"type":"branch","line":27,"loc":{"start":{"line":27,"column":21},"end":{"line":27,"column":32}},"locations":[{"start":{"line":27,"column":21},"end":{"line":27,"column":32}}]},"11":{"type":"branch","line":27,"loc":{"start":{"line":27,"column":25},"end":{"line":27,"column":49}},"locations":[{"start":{"line":27,"column":25},"end":{"line":27,"column":49}}]},"12":{"type":"branch","line":29,"loc":{"start":{"line":29,"column":2},"end":{"line":32,"column":3}},"locations":[{"start":{"line":29,"column":2},"end":{"line":32,"column":3}}]},"13":{"type":"branch","line":31,"loc":{"start":{"line":31,"column":20},"end":{"line":31,"column":34}},"locations":[{"start":{"line":31,"column":20},"end":{"line":31,"column":34}}]},"14":{"type":"branch","line":31,"loc":{"start":{"line":31,"column":34},"end":{"line":31,"column":65}},"locations":[{"start":{"line":31,"column":34},"end":{"line":31,"column":65}}]},"15":{"type":"branch","line":31,"loc":{"start":{"line":31,"column":61},"end":{"line":31,"column":70}},"locations":[{"start":{"line":31,"column":61},"end":{"line":31,"column":70}}]},"16":{"type":"branch","line":33,"loc":{"start":{"line":33,"column":2},"end":{"line":35,"column":3}},"locations":[{"start":{"line":33,"column":2},"end":{"line":35,"column":3}}]},"17":{"type":"branch","line":34,"loc":{"start":{"line":34,"column":20},"end":{"line":34,"column":34}},"locations":[{"start":{"line":34,"column":20},"end":{"line":34,"column":34}}]},"18":{"type":"branch","line":34,"loc":{"start":{"line":34,"column":34},"end":{"line":34,"column":51}},"locations":[{"start":{"line":34,"column":34},"end":{"line":34,"column":51}}]},"19":{"type":"branch","line":34,"loc":{"start":{"line":34,"column":42},"end":{"line":34,"column":59}},"locations":[{"start":{"line":34,"column":42},"end":{"line":34,"column":59}}]},"20":{"type":"branch","line":36,"loc":{"start":{"line":36,"column":2},"end":{"line":39,"column":3}},"locations":[{"start":{"line":36,"column":2},"end":{"line":39,"column":3}}]},"21":{"type":"branch","line":42,"loc":{"start":{"line":42,"column":24},"end":{"line":63,"column":2}},"locations":[{"start":{"line":42,"column":24},"end":{"line":63,"column":2}}]},"22":{"type":"branch","line":43,"loc":{"start":{"line":43,"column":44},"end":{"line":45,"column":2}},"locations":[{"start":{"line":43,"column":44},"end":{"line":45,"column":2}}]},"23":{"type":"branch","line":47,"loc":{"start":{"line":47,"column":32},"end":{"line":49,"column":2}},"locations":[{"start":{"line":47,"column":32},"end":{"line":49,"column":2}}]},"24":{"type":"branch","line":51,"loc":{"start":{"line":51,"column":32},"end":{"line":53,"column":2}},"locations":[{"start":{"line":51,"column":32},"end":{"line":53,"column":2}}]},"25":{"type":"branch","line":55,"loc":{"start":{"line":55,"column":28},"end":{"line":57,"column":2}},"locations":[{"start":{"line":55,"column":28},"end":{"line":57,"column":2}}]},"26":{"type":"branch","line":60,"loc":{"start":{"line":60,"column":9},"end":{"line":60,"column":26}},"locations":[{"start":{"line":60,"column":9},"end":{"line":60,"column":26}}]},"27":{"type":"branch","line":61,"loc":{"start":{"line":61,"column":1},"end":{"line":63,"column":2}},"locations":[{"start":{"line":61,"column":1},"end":{"line":63,"column":2}}]},"28":{"type":"branch","line":65,"loc":{"start":{"line":65,"column":30},"end":{"line":99,"column":2}},"locations":[{"start":{"line":65,"column":30},"end":{"line":99,"column":2}}]},"29":{"type":"branch","line":66,"loc":{"start":{"line":66,"column":23},"end":{"line":66,"column":35}},"locations":[{"start":{"line":66,"column":23},"end":{"line":66,"column":35}}]},"30":{"type":"branch","line":66,"loc":{"start":{"line":66,"column":30},"end":{"line":67,"column":25}},"locations":[{"start":{"line":66,"column":30},"end":{"line":67,"column":25}}]},"31":{"type":"branch","line":68,"loc":{"start":{"line":68,"column":2},"end":{"line":70,"column":3}},"locations":[{"start":{"line":68,"column":2},"end":{"line":70,"column":3}}]},"32":{"type":"branch","line":69,"loc":{"start":{"line":69,"column":10},"end":{"line":69,"column":24}},"locations":[{"start":{"line":69,"column":10},"end":{"line":69,"column":24}}]},"33":{"type":"branch","line":71,"loc":{"start":{"line":71,"column":2},"end":{"line":75,"column":3}},"locations":[{"start":{"line":71,"column":2},"end":{"line":75,"column":3}}]},"34":{"type":"branch","line":72,"loc":{"start":{"line":72,"column":15},"end":{"line":72,"column":27}},"locations":[{"start":{"line":72,"column":15},"end":{"line":72,"column":27}}]},"35":{"type":"branch","line":72,"loc":{"start":{"line":72,"column":22},"end":{"line":74,"column":26}},"locations":[{"start":{"line":72,"column":22},"end":{"line":74,"column":26}}]},"36":{"type":"branch","line":74,"loc":{"start":{"line":74,"column":22},"end":{"line":74,"column":33}},"locations":[{"start":{"line":74,"column":22},"end":{"line":74,"column":33}}]},"37":{"type":"branch","line":74,"loc":{"start":{"line":74,"column":26},"end":{"line":74,"column":40}},"locations":[{"start":{"line":74,"column":26},"end":{"line":74,"column":40}}]},"38":{"type":"branch","line":76,"loc":{"start":{"line":76,"column":2},"end":{"line":82,"column":3}},"locations":[{"start":{"line":76,"column":2},"end":{"line":82,"column":3}}]},"39":{"type":"branch","line":77,"loc":{"start":{"line":77,"column":10},"end":{"line":80,"column":42}},"locations":[{"start":{"line":77,"column":10},"end":{"line":80,"column":42}}]},"40":{"type":"branch","line":78,"loc":{"start":{"line":78,"column":37},"end":{"line":79,"column":11}},"locations":[{"start":{"line":78,"column":37},"end":{"line":79,"column":11}}]},"41":{"type":"branch","line":79,"loc":{"start":{"line":79,"column":7},"end":{"line":80,"column":42}},"locations":[{"start":{"line":79,"column":7},"end":{"line":80,"column":42}}]},"42":{"type":"branch","line":80,"loc":{"start":{"line":80,"column":26},"end":{"line":80,"column":36}},"locations":[{"start":{"line":80,"column":26},"end":{"line":80,"column":36}}]},"43":{"type":"branch","line":80,"loc":{"start":{"line":80,"column":32},"end":{"line":80,"column":41}},"locations":[{"start":{"line":80,"column":32},"end":{"line":80,"column":41}}]},"44":{"type":"branch","line":80,"loc":{"start":{"line":80,"column":41},"end":{"line":81,"column":11}},"locations":[{"start":{"line":80,"column":41},"end":{"line":81,"column":11}}]},"45":{"type":"branch","line":84,"loc":{"start":{"line":84,"column":2},"end":{"line":94,"column":3}},"locations":[{"start":{"line":84,"column":2},"end":{"line":94,"column":3}}]},"46":{"type":"branch","line":85,"loc":{"start":{"line":85,"column":27},"end":{"line":86,"column":11}},"locations":[{"start":{"line":85,"column":27},"end":{"line":86,"column":11}}]},"47":{"type":"branch","line":86,"loc":{"start":{"line":86,"column":6},"end":{"line":93,"column":12}},"locations":[{"start":{"line":86,"column":6},"end":{"line":93,"column":12}}]},"48":{"type":"branch","line":88,"loc":{"start":{"line":88,"column":31},"end":{"line":89,"column":12}},"locations":[{"start":{"line":88,"column":31},"end":{"line":89,"column":12}}]},"49":{"type":"branch","line":89,"loc":{"start":{"line":89,"column":8},"end":{"line":92,"column":13}},"locations":[{"start":{"line":89,"column":8},"end":{"line":92,"column":13}}]},"50":{"type":"branch","line":90,"loc":{"start":{"line":90,"column":32},"end":{"line":91,"column":14}},"locations":[{"start":{"line":90,"column":32},"end":{"line":91,"column":14}}]},"51":{"type":"branch","line":91,"loc":{"start":{"line":91,"column":9},"end":{"line":92,"column":13}},"locations":[{"start":{"line":91,"column":9},"end":{"line":92,"column":13}}]},"52":{"type":"branch","line":92,"loc":{"start":{"line":92,"column":9},"end":{"line":93,"column":12}},"locations":[{"start":{"line":92,"column":9},"end":{"line":93,"column":12}}]},"53":{"type":"branch","line":95,"loc":{"start":{"line":95,"column":2},"end":{"line":97,"column":3}},"locations":[{"start":{"line":95,"column":2},"end":{"line":97,"column":3}}]},"54":{"type":"branch","line":96,"loc":{"start":{"line":96,"column":43},"end":{"line":96,"column":55}},"locations":[{"start":{"line":96,"column":43},"end":{"line":96,"column":55}}]},"55":{"type":"branch","line":96,"loc":{"start":{"line":96,"column":47},"end":{"line":96,"column":60}},"locations":[{"start":{"line":96,"column":47},"end":{"line":96,"column":60}}]},"56":{"type":"branch","line":101,"loc":{"start":{"line":101,"column":27},"end":{"line":103,"column":2}},"locations":[{"start":{"line":101,"column":27},"end":{"line":103,"column":2}}]},"57":{"type":"branch","line":105,"loc":{"start":{"line":105,"column":22},"end":{"line":107,"column":2}},"locations":[{"start":{"line":105,"column":22},"end":{"line":107,"column":2}}]},"58":{"type":"branch","line":106,"loc":{"start":{"line":106,"column":26},"end":{"line":106,"column":58}},"locations":[{"start":{"line":106,"column":26},"end":{"line":106,"column":58}}]},"59":{"type":"branch","line":109,"loc":{"start":{"line":109,"column":23},"end":{"line":111,"column":2}},"locations":[{"start":{"line":109,"column":23},"end":{"line":111,"column":2}}]},"60":{"type":"branch","line":110,"loc":{"start":{"line":110,"column":26},"end":{"line":110,"column":56}},"locations":[{"start":{"line":110,"column":26},"end":{"line":110,"column":56}}]},"61":{"type":"branch","line":113,"loc":{"start":{"line":113,"column":21},"end":{"line":121,"column":2}},"locations":[{"start":{"line":113,"column":21},"end":{"line":121,"column":2}}]},"62":{"type":"branch","line":114,"loc":{"start":{"line":114,"column":29},"end":{"line":116,"column":2}},"locations":[{"start":{"line":114,"column":29},"end":{"line":116,"column":2}}]},"63":{"type":"branch","line":116,"loc":{"start":{"line":116,"column":1},"end":{"line":119,"column":2}},"locations":[{"start":{"line":116,"column":1},"end":{"line":119,"column":2}}]},"64":{"type":"branch","line":117,"loc":{"start":{"line":117,"column":28},"end":{"line":119,"column":2}},"locations":[{"start":{"line":117,"column":28},"end":{"line":119,"column":2}}]},"65":{"type":"branch","line":119,"loc":{"start":{"line":119,"column":1},"end":{"line":121,"column":2}},"locations":[{"start":{"line":119,"column":1},"end":{"line":121,"column":2}}]},"66":{"type":"branch","line":122,"loc":{"start":{"line":122,"column":24},"end":{"line":201,"column":2}},"locations":[{"start":{"line":122,"column":24},"end":{"line":201,"column":2}}]},"67":{"type":"branch","line":129,"loc":{"start":{"line":129,"column":18},"end":{"line":130,"column":31}},"locations":[{"start":{"line":129,"column":18},"end":{"line":130,"column":31}}]},"68":{"type":"branch","line":131,"loc":{"start":{"line":131,"column":21},"end":{"line":132,"column":23}},"locations":[{"start":{"line":131,"column":21},"end":{"line":132,"column":23}}]},"69":{"type":"branch","line":132,"loc":{"start":{"line":132,"column":11},"end":{"line":133,"column":11}},"locations":[{"start":{"line":132,"column":11},"end":{"line":133,"column":11}}]},"70":{"type":"branch","line":193,"loc":{"start":{"line":193,"column":14},"end":{"line":199,"column":2}},"locations":[{"start":{"line":193,"column":14},"end":{"line":199,"column":2}}]},"71":{"type":"branch","line":197,"loc":{"start":{"line":197,"column":2},"end":{"line":199,"column":2}},"locations":[{"start":{"line":197,"column":2},"end":{"line":199,"column":2}}]},"72":{"type":"branch","line":199,"loc":{"start":{"line":199,"column":1},"end":{"line":201,"column":2}},"locations":[{"start":{"line":199,"column":1},"end":{"line":201,"column":2}}]},"73":{"type":"branch","line":138,"loc":{"start":{"line":138,"column":30},"end":{"line":190,"column":3}},"locations":[{"start":{"line":138,"column":30},"end":{"line":190,"column":3}}]},"74":{"type":"branch","line":143,"loc":{"start":{"line":143,"column":65},"end":{"line":189,"column":3}},"locations":[{"start":{"line":143,"column":65},"end":{"line":189,"column":3}}]},"75":{"type":"branch","line":144,"loc":{"start":{"line":144,"column":3},"end":{"line":144,"column":31}},"locations":[{"start":{"line":144,"column":3},"end":{"line":144,"column":31}}]},"76":{"type":"branch","line":145,"loc":{"start":{"line":145,"column":19},"end":{"line":145,"column":59}},"locations":[{"start":{"line":145,"column":19},"end":{"line":145,"column":59}}]},"77":{"type":"branch","line":145,"loc":{"start":{"line":145,"column":54},"end":{"line":145,"column":63}},"locations":[{"start":{"line":145,"column":54},"end":{"line":145,"column":63}}]},"78":{"type":"branch","line":146,"loc":{"start":{"line":146,"column":22},"end":{"line":146,"column":68}},"locations":[{"start":{"line":146,"column":22},"end":{"line":146,"column":68}}]},"79":{"type":"branch","line":146,"loc":{"start":{"line":146,"column":55},"end":{"line":146,"column":95}},"locations":[{"start":{"line":146,"column":55},"end":{"line":146,"column":95}}]},"80":{"type":"branch","line":147,"loc":{"start":{"line":147,"column":21},"end":{"line":147,"column":62}},"locations":[{"start":{"line":147,"column":21},"end":{"line":147,"column":62}}]},"81":{"type":"branch","line":147,"loc":{"start":{"line":147,"column":56},"end":{"line":147,"column":88}},"locations":[{"start":{"line":147,"column":56},"end":{"line":147,"column":88}}]},"82":{"type":"branch","line":148,"loc":{"start":{"line":148,"column":25},"end":{"line":148,"column":71}},"locations":[{"start":{"line":148,"column":25},"end":{"line":148,"column":71}}]},"83":{"type":"branch","line":148,"loc":{"start":{"line":148,"column":58},"end":{"line":148,"column":94}},"locations":[{"start":{"line":148,"column":58},"end":{"line":148,"column":94}}]},"84":{"type":"branch","line":148,"loc":{"start":{"line":148,"column":73},"end":{"line":148,"column":94}},"locations":[{"start":{"line":148,"column":73},"end":{"line":148,"column":94}}]},"85":{"type":"branch","line":150,"loc":{"start":{"line":150,"column":20},"end":{"line":163,"column":14}},"locations":[{"start":{"line":150,"column":20},"end":{"line":163,"column":14}}]},"86":{"type":"branch","line":153,"loc":{"start":{"line":153,"column":17},"end":{"line":156,"column":11}},"locations":[{"start":{"line":153,"column":17},"end":{"line":156,"column":11}}]},"87":{"type":"branch","line":156,"loc":{"start":{"line":156,"column":4},"end":{"line":162,"column":5}},"locations":[{"start":{"line":156,"column":4},"end":{"line":162,"column":5}}]},"88":{"type":"branch","line":157,"loc":{"start":{"line":157,"column":26},"end":{"line":158,"column":54}},"locations":[{"start":{"line":157,"column":26},"end":{"line":158,"column":54}}]},"89":{"type":"branch","line":158,"loc":{"start":{"line":158,"column":53},"end":{"line":161,"column":14}},"locations":[{"start":{"line":158,"column":53},"end":{"line":161,"column":14}}]},"90":{"type":"branch","line":159,"loc":{"start":{"line":159,"column":8},"end":{"line":160,"column":18}},"locations":[{"start":{"line":159,"column":8},"end":{"line":160,"column":18}}]},"91":{"type":"branch","line":163,"loc":{"start":{"line":163,"column":3},"end":{"line":188,"column":4}},"locations":[{"start":{"line":163,"column":3},"end":{"line":188,"column":4}}]},"92":{"type":"branch","line":163,"loc":{"start":{"line":163,"column":23},"end":{"line":188,"column":4}},"locations":[{"start":{"line":163,"column":23},"end":{"line":188,"column":4}}]},"93":{"type":"branch","line":163,"loc":{"start":{"line":163,"column":23},"end":{"line":184,"column":14}},"locations":[{"start":{"line":163,"column":23},"end":{"line":184,"column":14}}]},"94":{"type":"branch","line":166,"loc":{"start":{"line":166,"column":24},"end":{"line":166,"column":55}},"locations":[{"start":{"line":166,"column":24},"end":{"line":166,"column":55}}]},"95":{"type":"branch","line":166,"loc":{"start":{"line":166,"column":50},"end":{"line":166,"column":85}},"locations":[{"start":{"line":166,"column":50},"end":{"line":166,"column":85}}]},"96":{"type":"branch","line":168,"loc":{"start":{"line":168,"column":27},"end":{"line":184,"column":14}},"locations":[{"start":{"line":168,"column":27},"end":{"line":184,"column":14}}]},"97":{"type":"branch","line":170,"loc":{"start":{"line":170,"column":42},"end":{"line":182,"column":6}},"locations":[{"start":{"line":170,"column":42},"end":{"line":182,"column":6}}]},"98":{"type":"branch","line":172,"loc":{"start":{"line":172,"column":31},"end":{"line":173,"column":19}},"locations":[{"start":{"line":172,"column":31},"end":{"line":173,"column":19}}]},"99":{"type":"branch","line":172,"loc":{"start":{"line":172,"column":31},"end":{"line":172,"column":37}},"locations":[{"start":{"line":172,"column":31},"end":{"line":172,"column":37}}]},"100":{"type":"branch","line":172,"loc":{"start":{"line":172,"column":31},"end":{"line":173,"column":19}},"locations":[{"start":{"line":172,"column":31},"end":{"line":173,"column":19}}]},"101":{"type":"branch","line":173,"loc":{"start":{"line":173,"column":19},"end":{"line":175,"column":13}},"locations":[{"start":{"line":173,"column":19},"end":{"line":175,"column":13}}]},"102":{"type":"branch","line":175,"loc":{"start":{"line":175,"column":6},"end":{"line":177,"column":7}},"locations":[{"start":{"line":175,"column":6},"end":{"line":177,"column":7}}]},"103":{"type":"branch","line":178,"loc":{"start":{"line":178,"column":5},"end":{"line":182,"column":6}},"locations":[{"start":{"line":178,"column":5},"end":{"line":182,"column":6}}]},"104":{"type":"branch","line":179,"loc":{"start":{"line":179,"column":82},"end":{"line":182,"column":6}},"locations":[{"start":{"line":179,"column":82},"end":{"line":182,"column":6}}]},"105":{"type":"branch","line":184,"loc":{"start":{"line":184,"column":3},"end":{"line":188,"column":4}},"locations":[{"start":{"line":184,"column":3},"end":{"line":188,"column":4}}]},"106":{"type":"branch","line":179,"loc":{"start":{"line":179,"column":43},"end":{"line":179,"column":79}},"locations":[{"start":{"line":179,"column":43},"end":{"line":179,"column":79}}]},"107":{"type":"branch","line":203,"loc":{"start":{"line":203,"column":27},"end":{"line":225,"column":2}},"locations":[{"start":{"line":203,"column":27},"end":{"line":225,"column":2}}]},"108":{"type":"branch","line":207,"loc":{"start":{"line":207,"column":40},"end":{"line":222,"column":2}},"locations":[{"start":{"line":207,"column":40},"end":{"line":222,"column":2}}]},"109":{"type":"branch","line":209,"loc":{"start":{"line":209,"column":41},"end":{"line":209,"column":54}},"locations":[{"start":{"line":209,"column":41},"end":{"line":209,"column":54}}]},"110":{"type":"branch","line":209,"loc":{"start":{"line":209,"column":48},"end":{"line":211,"column":36}},"locations":[{"start":{"line":209,"column":48},"end":{"line":211,"column":36}}]},"111":{"type":"branch","line":211,"loc":{"start":{"line":211,"column":36},"end":{"line":215,"column":3}},"locations":[{"start":{"line":211,"column":36},"end":{"line":215,"column":3}}]},"112":{"type":"branch","line":212,"loc":{"start":{"line":212,"column":28},"end":{"line":212,"column":41}},"locations":[{"start":{"line":212,"column":28},"end":{"line":212,"column":41}}]},"113":{"type":"branch","line":212,"loc":{"start":{"line":212,"column":35},"end":{"line":215,"column":3}},"locations":[{"start":{"line":212,"column":35},"end":{"line":215,"column":3}}]},"114":{"type":"branch","line":215,"loc":{"start":{"line":215,"column":2},"end":{"line":217,"column":69}},"locations":[{"start":{"line":215,"column":2},"end":{"line":217,"column":69}}]},"115":{"type":"branch","line":217,"loc":{"start":{"line":217,"column":61},"end":{"line":217,"column":95}},"locations":[{"start":{"line":217,"column":61},"end":{"line":217,"column":95}}]},"116":{"type":"branch","line":217,"loc":{"start":{"line":217,"column":95},"end":{"line":219,"column":3}},"locations":[{"start":{"line":217,"column":95},"end":{"line":219,"column":3}}]},"117":{"type":"branch","line":219,"loc":{"start":{"line":219,"column":2},"end":{"line":222,"column":2}},"locations":[{"start":{"line":219,"column":2},"end":{"line":222,"column":2}}]},"118":{"type":"branch","line":222,"loc":{"start":{"line":222,"column":1},"end":{"line":225,"column":2}},"locations":[{"start":{"line":222,"column":1},"end":{"line":225,"column":2}}]}},"b":{"0":[4],"1":[9],"2":[11],"3":[0],"4":[39],"5":[31],"6":[8],"7":[31],"8":[14],"9":[8],"10":[1],"11":[7],"12":[3],"13":[0],"14":[2],"15":[1],"16":[6],"17":[0],"18":[3],"19":[3],"20":[0],"21":[1],"22":[0],"23":[0],"24":[0],"25":[0],"26":[0],"27":[0],"28":[127],"29":[9],"30":[118],"31":[43],"32":[2],"33":[31],"34":[2],"35":[29],"36":[4],"37":[25],"38":[16],"39":[14],"40":[3],"41":[11],"42":[1],"43":[10],"44":[2],"45":[17],"46":[1],"47":[16],"48":[8],"49":[8],"50":[2],"51":[6],"52":[0],"53":[11],"54":[8],"55":[3],"56":[23],"57":[154],"58":[83],"59":[152],"60":[81],"61":[74],"62":[2],"63":[72],"64":[1],"65":[71],"66":[23],"67":[0],"68":[7],"69":[16],"70":[1],"71":[0],"72":[22],"73":[30],"74":[98],"75":[7],"76":[17],"77":[81],"78":[91],"79":[78],"80":[91],"81":[82],"82":[91],"83":[27],"84":[6],"85":[76],"86":[5],"87":[71],"88":[56],"89":[15],"90":[0],"91":[22],"92":[21],"93":[17],"94":[1],"95":[16],"96":[35],"97":[31],"98":[29],"99":[15],"100":[16],"101":[0],"102":[16],"103":[4],"104":[2],"105":[5],"106":[12],"107":[23],"108":[43],"109":[1],"110":[42],"111":[11],"112":[2],"113":[9],"114":[31],"115":[31],"116":[3],"117":[28],"118":[17]},"fnMap":{"0":{"name":"debounce","decl":{"start":{"line":4,"column":24},"end":{"line":10,"column":2}},"loc":{"start":{"line":4,"column":24},"end":{"line":10,"column":2}},"line":4},"1":{"name":"validateEnum","decl":{"start":{"line":12,"column":21},"end":{"line":16,"column":2}},"loc":{"start":{"line":12,"column":21},"end":{"line":16,"column":2}},"line":12},"2":{"name":"stringifyPrimitive","decl":{"start":{"line":18,"column":34},"end":{"line":41,"column":2}},"loc":{"start":{"line":18,"column":34},"end":{"line":41,"column":2}},"line":18},"3":{"name":"toString","decl":{"start":{"line":42,"column":24},"end":{"line":63,"column":2}},"loc":{"start":{"line":42,"column":24},"end":{"line":63,"column":2}},"line":42},"4":{"name":"parsePrimitive","decl":{"start":{"line":65,"column":30},"end":{"line":99,"column":2}},"loc":{"start":{"line":65,"column":30},"end":{"line":99,"column":2}},"line":65},"5":{"name":"isZodSchema","decl":{"start":{"line":101,"column":27},"end":{"line":103,"column":2}},"loc":{"start":{"line":101,"column":27},"end":{"line":103,"column":2}},"line":101},"6":{"name":"isArraySchema","decl":{"start":{"line":105,"column":22},"end":{"line":107,"column":2}},"loc":{"start":{"line":105,"column":22},"end":{"line":107,"column":2}},"line":105},"7":{"name":"isObjectSchema","decl":{"start":{"line":109,"column":23},"end":{"line":111,"column":2}},"loc":{"start":{"line":109,"column":23},"end":{"line":111,"column":2}},"line":109},"8":{"name":"shape","decl":{"start":{"line":113,"column":21},"end":{"line":121,"column":2}},"loc":{"start":{"line":113,"column":21},"end":{"line":121,"column":2}},"line":113},"9":{"name":"parseURL","decl":{"start":{"line":122,"column":24},"end":{"line":201,"column":2}},"loc":{"start":{"line":122,"column":24},"end":{"line":201,"column":2}},"line":122},"10":{"name":"parseSchemaRecursive","decl":{"start":{"line":138,"column":30},"end":{"line":190,"column":3}},"loc":{"start":{"line":138,"column":30},"end":{"line":190,"column":3}},"line":138},"11":{"name":"isValidPath","decl":{"start":{"line":203,"column":27},"end":{"line":225,"column":2}},"loc":{"start":{"line":203,"column":27},"end":{"line":225,"column":2}},"line":203}},"f":{"0":4,"1":11,"2":39,"3":1,"4":127,"5":23,"6":154,"7":152,"8":74,"9":23,"10":30,"11":23}}
}
