{"/Users/macbook/kit-state-params/src/lib/proxy.ts": {"path":"/Users/macbook/kit-state-params/src/lib/proxy.ts","all":false,"statementMap":{"0":{"start":{"line":1,"column":0},"end":{"line":1,"column":63}},"4":{"start":{"line":5,"column":0},"end":{"line":5,"column":46}},"5":{"start":{"line":6,"column":0},"end":{"line":6,"column":10}},"6":{"start":{"line":7,"column":0},"end":{"line":7,"column":2}},"7":{"start":{"line":8,"column":0},"end":{"line":8,"column":9}},"8":{"start":{"line":9,"column":0},"end":{"line":9,"column":11}},"9":{"start":{"line":10,"column":0},"end":{"line":10,"column":15}},"10":{"start":{"line":11,"column":0},"end":{"line":11,"column":8}},"11":{"start":{"line":12,"column":0},"end":{"line":12,"column":12}},"12":{"start":{"line":13,"column":0},"end":{"line":13,"column":7}},"13":{"start":{"line":14,"column":0},"end":{"line":14,"column":5}},"21":{"start":{"line":22,"column":0},"end":{"line":22,"column":6}},"22":{"start":{"line":23,"column":0},"end":{"line":23,"column":49}},"23":{"start":{"line":24,"column":0},"end":{"line":24,"column":45}},"24":{"start":{"line":25,"column":0},"end":{"line":25,"column":33}},"25":{"start":{"line":26,"column":0},"end":{"line":26,"column":24}},"26":{"start":{"line":27,"column":0},"end":{"line":27,"column":4}},"28":{"start":{"line":29,"column":0},"end":{"line":29,"column":26}},"29":{"start":{"line":30,"column":0},"end":{"line":30,"column":17}},"30":{"start":{"line":31,"column":0},"end":{"line":31,"column":4}},"32":{"start":{"line":33,"column":0},"end":{"line":33,"column":42}},"34":{"start":{"line":35,"column":0},"end":{"line":35,"column":15}},"35":{"start":{"line":36,"column":0},"end":{"line":36,"column":8}},"36":{"start":{"line":37,"column":0},"end":{"line":37,"column":31}},"37":{"start":{"line":38,"column":0},"end":{"line":38,"column":83}},"38":{"start":{"line":39,"column":0},"end":{"line":39,"column":7}},"39":{"start":{"line":40,"column":0},"end":{"line":40,"column":52}},"40":{"start":{"line":41,"column":0},"end":{"line":41,"column":77}},"41":{"start":{"line":42,"column":0},"end":{"line":42,"column":7}},"42":{"start":{"line":43,"column":0},"end":{"line":43,"column":5}},"43":{"start":{"line":44,"column":0},"end":{"line":44,"column":4}},"45":{"start":{"line":46,"column":0},"end":{"line":46,"column":81}},"46":{"start":{"line":47,"column":0},"end":{"line":47,"column":31}},"47":{"start":{"line":48,"column":0},"end":{"line":48,"column":46}},"48":{"start":{"line":49,"column":0},"end":{"line":49,"column":14}},"49":{"start":{"line":50,"column":0},"end":{"line":50,"column":18}},"50":{"start":{"line":51,"column":0},"end":{"line":51,"column":11}},"51":{"start":{"line":52,"column":0},"end":{"line":52,"column":41}},"52":{"start":{"line":53,"column":0},"end":{"line":53,"column":52}},"53":{"start":{"line":54,"column":0},"end":{"line":54,"column":7}},"54":{"start":{"line":55,"column":0},"end":{"line":55,"column":4}},"55":{"start":{"line":56,"column":0},"end":{"line":56,"column":16}},"56":{"start":{"line":57,"column":0},"end":{"line":57,"column":4}},"57":{"start":{"line":58,"column":0},"end":{"line":58,"column":58}},"58":{"start":{"line":59,"column":0},"end":{"line":59,"column":49}},"59":{"start":{"line":60,"column":0},"end":{"line":60,"column":49}},"60":{"start":{"line":61,"column":0},"end":{"line":61,"column":63}},"61":{"start":{"line":62,"column":0},"end":{"line":62,"column":52}},"62":{"start":{"line":63,"column":0},"end":{"line":63,"column":61}},"64":{"start":{"line":65,"column":0},"end":{"line":65,"column":18}},"65":{"start":{"line":66,"column":0},"end":{"line":66,"column":39}},"66":{"start":{"line":67,"column":0},"end":{"line":67,"column":85}},"67":{"start":{"line":68,"column":0},"end":{"line":68,"column":5}},"68":{"start":{"line":69,"column":0},"end":{"line":69,"column":4}},"69":{"start":{"line":70,"column":0},"end":{"line":70,"column":15}},"70":{"start":{"line":71,"column":0},"end":{"line":71,"column":3}},"71":{"start":{"line":72,"column":0},"end":{"line":72,"column":3}},"73":{"start":{"line":74,"column":0},"end":{"line":74,"column":44}},"79":{"start":{"line":80,"column":0},"end":{"line":80,"column":2}}},"s":{"0":1,"4":1,"5":23,"6":23,"7":23,"8":23,"9":23,"10":23,"11":23,"12":23,"13":23,"21":23,"22":23,"23":23,"24":50,"25":0,"26":0,"28":50,"29":0,"30":0,"32":50,"34":50,"35":25,"36":25,"37":25,"38":25,"39":4,"40":4,"41":4,"42":4,"43":25,"45":50,"46":22,"47":22,"48":22,"49":22,"50":22,"51":22,"52":22,"53":22,"54":22,"55":24,"56":50,"57":23,"58":18,"59":18,"60":14,"61":14,"62":14,"64":14,"65":14,"66":14,"67":14,"68":14,"69":18,"70":18,"71":23,"73":23,"79":23},"branchMap":{"0":{"type":"branch","line":5,"loc":{"start":{"line":5,"column":27},"end":{"line":80,"column":2}},"locations":[{"start":{"line":5,"column":27},"end":{"line":80,"column":2}}]},"1":{"type":"branch","line":24,"loc":{"start":{"line":24,"column":2},"end":{"line":57,"column":4}},"locations":[{"start":{"line":24,"column":2},"end":{"line":57,"column":4}}]},"2":{"type":"branch","line":25,"loc":{"start":{"line":25,"column":32},"end":{"line":27,"column":4}},"locations":[{"start":{"line":25,"column":32},"end":{"line":27,"column":4}}]},"3":{"type":"branch","line":29,"loc":{"start":{"line":29,"column":25},"end":{"line":31,"column":4}},"locations":[{"start":{"line":29,"column":25},"end":{"line":31,"column":4}}]},"4":{"type":"branch","line":35,"loc":{"start":{"line":35,"column":14},"end":{"line":44,"column":4}},"locations":[{"start":{"line":35,"column":14},"end":{"line":44,"column":4}}]},"5":{"type":"branch","line":39,"loc":{"start":{"line":39,"column":6},"end":{"line":43,"column":5}},"locations":[{"start":{"line":39,"column":6},"end":{"line":43,"column":5}}]},"6":{"type":"branch","line":44,"loc":{"start":{"line":44,"column":3},"end":{"line":46,"column":36}},"locations":[{"start":{"line":44,"column":3},"end":{"line":46,"column":36}}]},"7":{"type":"branch","line":46,"loc":{"start":{"line":46,"column":24},"end":{"line":46,"column":54}},"locations":[{"start":{"line":46,"column":24},"end":{"line":46,"column":54}}]},"8":{"type":"branch","line":46,"loc":{"start":{"line":46,"column":46},"end":{"line":46,"column":80}},"locations":[{"start":{"line":46,"column":46},"end":{"line":46,"column":80}}]},"9":{"type":"branch","line":46,"loc":{"start":{"line":46,"column":80},"end":{"line":55,"column":4}},"locations":[{"start":{"line":46,"column":80},"end":{"line":55,"column":4}}]},"10":{"type":"branch","line":52,"loc":{"start":{"line":52,"column":11},"end":{"line":52,"column":37}},"locations":[{"start":{"line":52,"column":11},"end":{"line":52,"column":37}}]},"11":{"type":"branch","line":52,"loc":{"start":{"line":52,"column":32},"end":{"line":52,"column":41}},"locations":[{"start":{"line":52,"column":32},"end":{"line":52,"column":41}}]},"12":{"type":"branch","line":53,"loc":{"start":{"line":53,"column":31},"end":{"line":53,"column":43}},"locations":[{"start":{"line":53,"column":31},"end":{"line":53,"column":43}}]},"13":{"type":"branch","line":53,"loc":{"start":{"line":53,"column":35},"end":{"line":53,"column":52}},"locations":[{"start":{"line":53,"column":35},"end":{"line":53,"column":52}}]},"14":{"type":"branch","line":55,"loc":{"start":{"line":55,"column":3},"end":{"line":56,"column":16}},"locations":[{"start":{"line":55,"column":3},"end":{"line":56,"column":16}}]},"15":{"type":"branch","line":40,"loc":{"start":{"line":40,"column":12},"end":{"line":42,"column":7}},"locations":[{"start":{"line":40,"column":12},"end":{"line":42,"column":7}}]},"16":{"type":"branch","line":58,"loc":{"start":{"line":58,"column":2},"end":{"line":71,"column":3}},"locations":[{"start":{"line":58,"column":2},"end":{"line":71,"column":3}}]},"17":{"type":"branch","line":60,"loc":{"start":{"line":60,"column":18},"end":{"line":60,"column":48}},"locations":[{"start":{"line":60,"column":18},"end":{"line":60,"column":48}}]},"18":{"type":"branch","line":60,"loc":{"start":{"line":60,"column":48},"end":{"line":69,"column":4}},"locations":[{"start":{"line":60,"column":48},"end":{"line":69,"column":4}}]},"19":{"type":"branch","line":61,"loc":{"start":{"line":61,"column":34},"end":{"line":61,"column":63}},"locations":[{"start":{"line":61,"column":34},"end":{"line":61,"column":63}}]},"20":{"type":"branch","line":63,"loc":{"start":{"line":63,"column":20},"end":{"line":63,"column":56}},"locations":[{"start":{"line":63,"column":20},"end":{"line":63,"column":56}}]},"21":{"type":"branch","line":63,"loc":{"start":{"line":63,"column":49},"end":{"line":63,"column":61}},"locations":[{"start":{"line":63,"column":49},"end":{"line":63,"column":61}}]},"22":{"type":"branch","line":67,"loc":{"start":{"line":67,"column":14},"end":{"line":67,"column":41}},"locations":[{"start":{"line":67,"column":14},"end":{"line":67,"column":41}}]},"23":{"type":"branch","line":67,"loc":{"start":{"line":67,"column":36},"end":{"line":67,"column":47}},"locations":[{"start":{"line":67,"column":36},"end":{"line":67,"column":47}}]}},"b":{"0":[23],"1":[50],"2":[0],"3":[0],"4":[25],"5":[4],"6":[46],"7":[23],"8":[23],"9":[22],"10":[8],"11":[14],"12":[10],"13":[12],"14":[24],"15":[4],"16":[18],"17":[4],"18":[14],"19":[7],"20":[10],"21":[4],"22":[12],"23":[2]},"fnMap":{"0":{"name":"createProxy","decl":{"start":{"line":5,"column":27},"end":{"line":80,"column":2}},"loc":{"start":{"line":5,"column":27},"end":{"line":80,"column":2}},"line":5},"1":{"name":"get","decl":{"start":{"line":24,"column":2},"end":{"line":57,"column":4}},"loc":{"start":{"line":24,"column":2},"end":{"line":57,"column":4}},"line":24},"2":{"name":"createProxy.schema","decl":{"start":{"line":40,"column":12},"end":{"line":42,"column":7}},"loc":{"start":{"line":40,"column":12},"end":{"line":42,"column":7}},"line":40},"3":{"name":"set","decl":{"start":{"line":58,"column":2},"end":{"line":71,"column":3}},"loc":{"start":{"line":58,"column":2},"end":{"line":71,"column":3}},"line":58}},"f":{"0":23,"1":50,"2":4,"3":18}}
,"/Users/macbook/kit-state-params/src/lib/utils.ts": {"path":"/Users/macbook/kit-state-params/src/lib/utils.ts","all":false,"statementMap":{"3":{"start":{"line":4,"column":0},"end":{"line":4,"column":60}},"4":{"start":{"line":5,"column":0},"end":{"line":5,"column":21}},"5":{"start":{"line":6,"column":0},"end":{"line":6,"column":15}},"6":{"start":{"line":7,"column":0},"end":{"line":7,"column":24}},"7":{"start":{"line":8,"column":0},"end":{"line":8,"column":34}},"8":{"start":{"line":9,"column":0},"end":{"line":9,"column":3}},"9":{"start":{"line":10,"column":0},"end":{"line":10,"column":2}},"11":{"start":{"line":12,"column":0},"end":{"line":12,"column":66}},"12":{"start":{"line":13,"column":0},"end":{"line":13,"column":26}},"13":{"start":{"line":14,"column":0},"end":{"line":14,"column":69}},"14":{"start":{"line":15,"column":0},"end":{"line":15,"column":30}},"15":{"start":{"line":16,"column":0},"end":{"line":16,"column":2}},"17":{"start":{"line":18,"column":0},"end":{"line":18,"column":92}},"18":{"start":{"line":19,"column":0},"end":{"line":19,"column":25}},"19":{"start":{"line":20,"column":0},"end":{"line":20,"column":18}},"20":{"start":{"line":21,"column":0},"end":{"line":21,"column":48}},"21":{"start":{"line":22,"column":0},"end":{"line":22,"column":3}},"22":{"start":{"line":23,"column":0},"end":{"line":23,"column":18}},"23":{"start":{"line":24,"column":0},"end":{"line":24,"column":81}},"24":{"start":{"line":25,"column":0},"end":{"line":25,"column":3}},"25":{"start":{"line":26,"column":0},"end":{"line":26,"column":16}},"26":{"start":{"line":27,"column":0},"end":{"line":27,"column":76}},"27":{"start":{"line":28,"column":0},"end":{"line":28,"column":70}},"28":{"start":{"line":29,"column":0},"end":{"line":29,"column":3}},"29":{"start":{"line":30,"column":0},"end":{"line":30,"column":19}},"30":{"start":{"line":31,"column":0},"end":{"line":31,"column":59}},"31":{"start":{"line":32,"column":0},"end":{"line":32,"column":3}},"32":{"start":{"line":33,"column":0},"end":{"line":33,"column":12}},"34":{"start":{"line":35,"column":0},"end":{"line":35,"column":60}},"35":{"start":{"line":36,"column":0},"end":{"line":36,"column":3}},"36":{"start":{"line":37,"column":0},"end":{"line":37,"column":2}},"37":{"start":{"line":38,"column":0},"end":{"line":38,"column":2}},"39":{"start":{"line":40,"column":0},"end":{"line":40,"column":83}},"40":{"start":{"line":41,"column":0},"end":{"line":41,"column":35}},"41":{"start":{"line":42,"column":0},"end":{"line":42,"column":25}},"42":{"start":{"line":43,"column":0},"end":{"line":43,"column":18}},"43":{"start":{"line":44,"column":0},"end":{"line":44,"column":24}},"44":{"start":{"line":45,"column":0},"end":{"line":45,"column":3}},"45":{"start":{"line":46,"column":0},"end":{"line":46,"column":18}},"46":{"start":{"line":47,"column":0},"end":{"line":47,"column":27}},"47":{"start":{"line":48,"column":0},"end":{"line":48,"column":32}},"48":{"start":{"line":49,"column":0},"end":{"line":49,"column":40}},"49":{"start":{"line":50,"column":0},"end":{"line":50,"column":3}},"50":{"start":{"line":51,"column":0},"end":{"line":51,"column":16}},"51":{"start":{"line":52,"column":0},"end":{"line":52,"column":15}},"52":{"start":{"line":53,"column":0},"end":{"line":53,"column":38}},"53":{"start":{"line":54,"column":0},"end":{"line":54,"column":11}},"54":{"start":{"line":55,"column":0},"end":{"line":55,"column":42}},"55":{"start":{"line":56,"column":0},"end":{"line":56,"column":11}},"56":{"start":{"line":57,"column":0},"end":{"line":57,"column":3}},"58":{"start":{"line":59,"column":0},"end":{"line":59,"column":19}},"59":{"start":{"line":60,"column":0},"end":{"line":60,"column":36}},"60":{"start":{"line":61,"column":0},"end":{"line":61,"column":11}},"61":{"start":{"line":62,"column":0},"end":{"line":62,"column":31}},"62":{"start":{"line":63,"column":0},"end":{"line":63,"column":37}},"63":{"start":{"line":64,"column":0},"end":{"line":64,"column":12}},"64":{"start":{"line":65,"column":0},"end":{"line":65,"column":39}},"65":{"start":{"line":66,"column":0},"end":{"line":66,"column":14}},"66":{"start":{"line":67,"column":0},"end":{"line":67,"column":13}},"67":{"start":{"line":68,"column":0},"end":{"line":68,"column":12}},"68":{"start":{"line":69,"column":0},"end":{"line":69,"column":3}},"69":{"start":{"line":70,"column":0},"end":{"line":70,"column":12}},"70":{"start":{"line":71,"column":0},"end":{"line":71,"column":60}},"71":{"start":{"line":72,"column":0},"end":{"line":72,"column":3}},"72":{"start":{"line":73,"column":0},"end":{"line":73,"column":2}},"73":{"start":{"line":74,"column":0},"end":{"line":74,"column":2}},"75":{"start":{"line":76,"column":0},"end":{"line":76,"column":43}},"76":{"start":{"line":77,"column":0},"end":{"line":77,"column":62}},"77":{"start":{"line":78,"column":0},"end":{"line":78,"column":10}},"78":{"start":{"line":79,"column":0},"end":{"line":79,"column":23}},"79":{"start":{"line":80,"column":0},"end":{"line":80,"column":21}},"80":{"start":{"line":81,"column":0},"end":{"line":81,"column":26}},"81":{"start":{"line":82,"column":0},"end":{"line":82,"column":31}},"82":{"start":{"line":83,"column":0},"end":{"line":83,"column":24}},"83":{"start":{"line":84,"column":0},"end":{"line":84,"column":23}},"84":{"start":{"line":85,"column":0},"end":{"line":85,"column":11}},"85":{"start":{"line":86,"column":0},"end":{"line":86,"column":50}},"86":{"start":{"line":87,"column":0},"end":{"line":87,"column":24}},"87":{"start":{"line":88,"column":0},"end":{"line":88,"column":32}},"89":{"start":{"line":90,"column":0},"end":{"line":90,"column":31}},"90":{"start":{"line":91,"column":0},"end":{"line":91,"column":21}},"91":{"start":{"line":92,"column":0},"end":{"line":92,"column":21}},"92":{"start":{"line":93,"column":0},"end":{"line":93,"column":26}},"93":{"start":{"line":94,"column":0},"end":{"line":94,"column":7}},"94":{"start":{"line":95,"column":0},"end":{"line":95,"column":66}},"95":{"start":{"line":96,"column":0},"end":{"line":96,"column":63}},"97":{"start":{"line":98,"column":0},"end":{"line":98,"column":40}},"99":{"start":{"line":100,"column":0},"end":{"line":100,"column":39}},"100":{"start":{"line":101,"column":0},"end":{"line":101,"column":87}},"101":{"start":{"line":102,"column":0},"end":{"line":102,"column":42}},"103":{"start":{"line":104,"column":0},"end":{"line":104,"column":28}},"104":{"start":{"line":105,"column":0},"end":{"line":105,"column":38}},"106":{"start":{"line":107,"column":0},"end":{"line":107,"column":28}},"107":{"start":{"line":108,"column":0},"end":{"line":108,"column":41}},"108":{"start":{"line":109,"column":0},"end":{"line":109,"column":43}},"109":{"start":{"line":110,"column":0},"end":{"line":110,"column":43}},"110":{"start":{"line":111,"column":0},"end":{"line":111,"column":37}},"111":{"start":{"line":112,"column":0},"end":{"line":112,"column":79}},"112":{"start":{"line":113,"column":0},"end":{"line":113,"column":13}},"113":{"start":{"line":114,"column":0},"end":{"line":114,"column":88}},"114":{"start":{"line":115,"column":0},"end":{"line":115,"column":33}},"115":{"start":{"line":116,"column":0},"end":{"line":116,"column":74}},"116":{"start":{"line":117,"column":0},"end":{"line":117,"column":6}},"117":{"start":{"line":118,"column":0},"end":{"line":118,"column":5}},"118":{"start":{"line":119,"column":0},"end":{"line":119,"column":47}},"120":{"start":{"line":121,"column":0},"end":{"line":121,"column":28}},"121":{"start":{"line":122,"column":0},"end":{"line":122,"column":66}},"122":{"start":{"line":123,"column":0},"end":{"line":123,"column":4}},"123":{"start":{"line":124,"column":0},"end":{"line":124,"column":3}},"124":{"start":{"line":125,"column":0},"end":{"line":125,"column":3}},"126":{"start":{"line":127,"column":0},"end":{"line":127,"column":38}},"127":{"start":{"line":128,"column":0},"end":{"line":128,"column":15}},"128":{"start":{"line":129,"column":0},"end":{"line":129,"column":2}},"130":{"start":{"line":131,"column":0},"end":{"line":131,"column":71}},"131":{"start":{"line":132,"column":0},"end":{"line":132,"column":31}},"132":{"start":{"line":133,"column":0},"end":{"line":133,"column":33}},"134":{"start":{"line":135,"column":0},"end":{"line":135,"column":41}},"135":{"start":{"line":136,"column":0},"end":{"line":136,"column":24}},"136":{"start":{"line":137,"column":0},"end":{"line":137,"column":54}},"138":{"start":{"line":139,"column":0},"end":{"line":139,"column":37}},"139":{"start":{"line":140,"column":0},"end":{"line":140,"column":41}},"140":{"start":{"line":141,"column":0},"end":{"line":141,"column":36}},"141":{"start":{"line":142,"column":0},"end":{"line":142,"column":12}},"142":{"start":{"line":143,"column":0},"end":{"line":143,"column":3}},"144":{"start":{"line":145,"column":0},"end":{"line":145,"column":96}},"145":{"start":{"line":146,"column":0},"end":{"line":146,"column":16}},"146":{"start":{"line":147,"column":0},"end":{"line":147,"column":3}},"148":{"start":{"line":149,"column":0},"end":{"line":149,"column":38}},"149":{"start":{"line":150,"column":0},"end":{"line":150,"column":2}},"151":{"start":{"line":152,"column":0},"end":{"line":152,"column":13}},"152":{"start":{"line":153,"column":0},"end":{"line":153,"column":2}}},"s":{"3":1,"4":0,"5":0,"6":0,"7":0,"8":0,"9":0,"11":1,"12":0,"13":0,"14":0,"15":0,"17":1,"18":14,"19":14,"20":11,"21":11,"22":14,"23":1,"24":1,"25":14,"26":1,"27":1,"28":1,"29":14,"30":1,"31":1,"32":14,"34":0,"35":0,"36":14,"37":14,"39":1,"40":14,"41":14,"42":14,"43":11,"44":11,"45":14,"46":1,"47":1,"48":1,"49":1,"50":14,"51":1,"52":1,"53":0,"54":1,"55":0,"56":1,"58":14,"59":1,"60":1,"61":0,"62":0,"63":0,"64":0,"65":0,"66":0,"67":0,"68":1,"69":14,"70":0,"71":0,"72":14,"73":14,"75":1,"76":0,"77":0,"78":0,"79":0,"80":0,"81":0,"82":0,"83":0,"84":0,"85":0,"86":0,"87":0,"89":0,"90":0,"91":0,"92":0,"93":0,"94":0,"95":0,"97":0,"99":0,"100":0,"101":0,"103":0,"104":0,"106":0,"107":0,"108":0,"109":0,"110":0,"111":0,"112":0,"113":0,"114":0,"115":0,"116":0,"117":0,"118":0,"120":0,"121":0,"122":0,"123":0,"124":0,"126":0,"127":0,"128":0,"130":1,"131":0,"132":0,"134":0,"135":0,"136":0,"138":0,"139":0,"140":0,"141":0,"142":0,"144":0,"145":0,"146":0,"148":0,"149":0,"151":0,"152":0},"branchMap":{"0":{"type":"branch","line":18,"loc":{"start":{"line":18,"column":34},"end":{"line":38,"column":2}},"locations":[{"start":{"line":18,"column":34},"end":{"line":38,"column":2}}]},"1":{"type":"branch","line":20,"loc":{"start":{"line":20,"column":2},"end":{"line":22,"column":3}},"locations":[{"start":{"line":20,"column":2},"end":{"line":22,"column":3}}]},"2":{"type":"branch","line":21,"loc":{"start":{"line":21,"column":20},"end":{"line":21,"column":34}},"locations":[{"start":{"line":21,"column":20},"end":{"line":21,"column":34}}]},"3":{"type":"branch","line":23,"loc":{"start":{"line":23,"column":2},"end":{"line":25,"column":3}},"locations":[{"start":{"line":23,"column":2},"end":{"line":25,"column":3}}]},"4":{"type":"branch","line":24,"loc":{"start":{"line":24,"column":20},"end":{"line":24,"column":34}},"locations":[{"start":{"line":24,"column":20},"end":{"line":24,"column":34}}]},"5":{"type":"branch","line":24,"loc":{"start":{"line":24,"column":34},"end":{"line":24,"column":57}},"locations":[{"start":{"line":24,"column":34},"end":{"line":24,"column":57}}]},"6":{"type":"branch","line":24,"loc":{"start":{"line":24,"column":72},"end":{"line":24,"column":81}},"locations":[{"start":{"line":24,"column":72},"end":{"line":24,"column":81}}]},"7":{"type":"branch","line":26,"loc":{"start":{"line":26,"column":2},"end":{"line":29,"column":3}},"locations":[{"start":{"line":26,"column":2},"end":{"line":29,"column":3}}]},"8":{"type":"branch","line":28,"loc":{"start":{"line":28,"column":20},"end":{"line":28,"column":34}},"locations":[{"start":{"line":28,"column":20},"end":{"line":28,"column":34}}]},"9":{"type":"branch","line":28,"loc":{"start":{"line":28,"column":61},"end":{"line":28,"column":70}},"locations":[{"start":{"line":28,"column":61},"end":{"line":28,"column":70}}]},"10":{"type":"branch","line":30,"loc":{"start":{"line":30,"column":2},"end":{"line":32,"column":3}},"locations":[{"start":{"line":30,"column":2},"end":{"line":32,"column":3}}]},"11":{"type":"branch","line":31,"loc":{"start":{"line":31,"column":20},"end":{"line":31,"column":34}},"locations":[{"start":{"line":31,"column":20},"end":{"line":31,"column":34}}]},"12":{"type":"branch","line":31,"loc":{"start":{"line":31,"column":42},"end":{"line":31,"column":59}},"locations":[{"start":{"line":31,"column":42},"end":{"line":31,"column":59}}]},"13":{"type":"branch","line":33,"loc":{"start":{"line":33,"column":2},"end":{"line":36,"column":3}},"locations":[{"start":{"line":33,"column":2},"end":{"line":36,"column":3}}]},"14":{"type":"branch","line":40,"loc":{"start":{"line":40,"column":30},"end":{"line":74,"column":2}},"locations":[{"start":{"line":40,"column":30},"end":{"line":74,"column":2}}]},"15":{"type":"branch","line":41,"loc":{"start":{"line":41,"column":23},"end":{"line":41,"column":35}},"locations":[{"start":{"line":41,"column":23},"end":{"line":41,"column":35}}]},"16":{"type":"branch","line":43,"loc":{"start":{"line":43,"column":2},"end":{"line":45,"column":3}},"locations":[{"start":{"line":43,"column":2},"end":{"line":45,"column":3}}]},"17":{"type":"branch","line":44,"loc":{"start":{"line":44,"column":10},"end":{"line":44,"column":24}},"locations":[{"start":{"line":44,"column":10},"end":{"line":44,"column":24}}]},"18":{"type":"branch","line":46,"loc":{"start":{"line":46,"column":2},"end":{"line":50,"column":3}},"locations":[{"start":{"line":46,"column":2},"end":{"line":50,"column":3}}]},"19":{"type":"branch","line":47,"loc":{"start":{"line":47,"column":15},"end":{"line":47,"column":27}},"locations":[{"start":{"line":47,"column":15},"end":{"line":47,"column":27}}]},"20":{"type":"branch","line":49,"loc":{"start":{"line":49,"column":22},"end":{"line":49,"column":33}},"locations":[{"start":{"line":49,"column":22},"end":{"line":49,"column":33}}]},"21":{"type":"branch","line":51,"loc":{"start":{"line":51,"column":2},"end":{"line":57,"column":3}},"locations":[{"start":{"line":51,"column":2},"end":{"line":57,"column":3}}]},"22":{"type":"branch","line":53,"loc":{"start":{"line":53,"column":37},"end":{"line":54,"column":11}},"locations":[{"start":{"line":53,"column":37},"end":{"line":54,"column":11}}]},"23":{"type":"branch","line":55,"loc":{"start":{"line":55,"column":26},"end":{"line":55,"column":36}},"locations":[{"start":{"line":55,"column":26},"end":{"line":55,"column":36}}]},"24":{"type":"branch","line":55,"loc":{"start":{"line":55,"column":41},"end":{"line":56,"column":11}},"locations":[{"start":{"line":55,"column":41},"end":{"line":56,"column":11}}]},"25":{"type":"branch","line":59,"loc":{"start":{"line":59,"column":2},"end":{"line":69,"column":3}},"locations":[{"start":{"line":59,"column":2},"end":{"line":69,"column":3}}]},"26":{"type":"branch","line":61,"loc":{"start":{"line":61,"column":6},"end":{"line":68,"column":12}},"locations":[{"start":{"line":61,"column":6},"end":{"line":68,"column":12}}]},"27":{"type":"branch","line":70,"loc":{"start":{"line":70,"column":2},"end":{"line":72,"column":3}},"locations":[{"start":{"line":70,"column":2},"end":{"line":72,"column":3}}]}},"b":{"0":[14],"1":[11],"2":[0],"3":[1],"4":[0],"5":[0],"6":[0],"7":[1],"8":[0],"9":[0],"10":[1],"11":[0],"12":[0],"13":[0],"14":[14],"15":[0],"16":[11],"17":[0],"18":[1],"19":[0],"20":[0],"21":[1],"22":[0],"23":[0],"24":[0],"25":[1],"26":[0],"27":[0]},"fnMap":{"0":{"name":"debounce","decl":{"start":{"line":4,"column":24},"end":{"line":10,"column":2}},"loc":{"start":{"line":4,"column":24},"end":{"line":10,"column":2}},"line":4},"1":{"name":"validateEnum","decl":{"start":{"line":12,"column":21},"end":{"line":16,"column":2}},"loc":{"start":{"line":12,"column":21},"end":{"line":16,"column":2}},"line":12},"2":{"name":"stringifyPrimitive","decl":{"start":{"line":18,"column":34},"end":{"line":38,"column":2}},"loc":{"start":{"line":18,"column":34},"end":{"line":38,"column":2}},"line":18},"3":{"name":"parsePrimitive","decl":{"start":{"line":40,"column":30},"end":{"line":74,"column":2}},"loc":{"start":{"line":40,"column":30},"end":{"line":74,"column":2}},"line":40},"4":{"name":"parseURL","decl":{"start":{"line":76,"column":24},"end":{"line":129,"column":2}},"loc":{"start":{"line":76,"column":24},"end":{"line":129,"column":2}},"line":76},"5":{"name":"isValidPath","decl":{"start":{"line":131,"column":27},"end":{"line":153,"column":2}},"loc":{"start":{"line":131,"column":27},"end":{"line":153,"column":2}},"line":131}},"f":{"0":0,"1":0,"2":14,"3":14,"4":0,"5":0}}
}
